[0.138s] Invoking command in '/rjd_projects/colcon_practice1/build/examples_rclcpp_cbg_executor': CMAKE_PREFIX_PATH=${CMAKE_PREFIX_PATH}:/opt/ros/jazzy /usr/bin/cmake /rjd_projects/colcon_practice1/src/examples/rclcpp/executors/cbg_executor -DAMENT_CMAKE_SYMLINK_INSTALL=1 -DCMAKE_INSTALL_PREFIX=/rjd_projects/colcon_practice1/install/examples_rclcpp_cbg_executor
[0.644s] -- The C compiler identification is GNU 13.2.0
[1.007s] -- The CXX compiler identification is GNU 13.2.0
[1.091s] -- Detecting C compiler ABI info
[1.788s] -- Detecting C compiler ABI info - done
[1.914s] -- Check for working C compiler: /usr/bin/cc - skipped
[1.916s] -- Detecting C compile features
[1.919s] -- Detecting C compile features - done
[1.970s] -- Detecting CXX compiler ABI info
[2.751s] -- Detecting CXX compiler ABI info - done
[2.895s] -- Check for working CXX compiler: /usr/bin/c++ - skipped
[2.898s] -- Detecting CXX compile features
[2.901s] -- Detecting CXX compile features - done
[2.946s] -- Found ament_cmake: 2.5.2 (/opt/ros/jazzy/share/ament_cmake/cmake)
[3.470s] -- Found Python3: /usr/bin/python3 (found version "3.12.3") found components: Interpreter 
[3.867s] -- Override CMake install command with custom implementation using symlinks instead of copying resources
[4.479s] -- Found rclcpp: 28.1.5 (/opt/ros/jazzy/share/rclcpp/cmake)
[4.852s] -- Found rosidl_generator_c: 4.6.4 (/opt/ros/jazzy/share/rosidl_generator_c/cmake)
[4.979s] -- Found rosidl_generator_cpp: 4.6.4 (/opt/ros/jazzy/share/rosidl_generator_cpp/cmake)
[5.106s] -- Using all available rosidl_typesupport_c: rosidl_typesupport_fastrtps_c;rosidl_typesupport_introspection_c
[5.226s] -- Using all available rosidl_typesupport_cpp: rosidl_typesupport_fastrtps_cpp;rosidl_typesupport_introspection_cpp
[5.697s] -- Found rmw_implementation_cmake: 7.3.1 (/opt/ros/jazzy/share/rmw_implementation_cmake/cmake)
[5.724s] -- Found rmw_fastrtps_cpp: 8.4.1 (/opt/ros/jazzy/share/rmw_fastrtps_cpp/cmake)
[6.068s] -- Found OpenSSL: /usr/lib/x86_64-linux-gnu/libcrypto.so (found version "3.0.13")  
[6.135s] -- Found FastRTPS: /opt/ros/jazzy/include (Required is at least version "2.13") 
[6.239s] -- Using RMW implementation 'rmw_fastrtps_cpp' as default
[6.627s] -- Found std_msgs: 5.3.5 (/opt/ros/jazzy/share/std_msgs/cmake)
[6.708s] -- Found ament_lint_auto: 0.17.1 (/opt/ros/jazzy/share/ament_lint_auto/cmake)
[7.486s] -- Added test 'copyright' to check source files copyright and LICENSE
[7.608s] -- Added test 'cppcheck' to perform static code analysis on C / C++ code
[7.612s] -- Configured cppcheck include dirs: /rjd_projects/colcon_practice1/src/examples/rclcpp/executors/cbg_executor/include
[7.617s] -- Configured cppcheck exclude dirs and/or files: 
[7.729s] -- Added test 'cpplint' to check C / C++ code against the Google style
[7.732s] -- Configured cpplint exclude dirs and/or files: 
[7.787s] -- Added test 'lint_cmake' to check CMake code style
[7.922s] -- Added test 'uncrustify' to check C / C++ code style
[7.925s] -- Configured uncrustify additional arguments: 
[7.944s] -- Added test 'xmllint' to check XML markup files
[8.096s] -- Configuring done (7.9s)
[8.790s] -- Generating done (0.6s)
[8.823s] -- Build files have been written to: /rjd_projects/colcon_practice1/build/examples_rclcpp_cbg_executor
[8.856s] Invoked command in '/rjd_projects/colcon_practice1/build/examples_rclcpp_cbg_executor' returned '0': CMAKE_PREFIX_PATH=${CMAKE_PREFIX_PATH}:/opt/ros/jazzy /usr/bin/cmake /rjd_projects/colcon_practice1/src/examples/rclcpp/executors/cbg_executor -DAMENT_CMAKE_SYMLINK_INSTALL=1 -DCMAKE_INSTALL_PREFIX=/rjd_projects/colcon_practice1/install/examples_rclcpp_cbg_executor
[8.867s] Invoking command in '/rjd_projects/colcon_practice1/build/examples_rclcpp_cbg_executor': CMAKE_PREFIX_PATH=${CMAKE_PREFIX_PATH}:/opt/ros/jazzy /usr/bin/cmake --build /rjd_projects/colcon_practice1/build/examples_rclcpp_cbg_executor -- -j8 -l8
[65.144s] [ 10%] [32mBuilding CXX object CMakeFiles/pong.dir/src/examples_rclcpp_cbg_executor/pong_node.cpp.o[0m
[65.155s] [ 30%] [32mBuilding CXX object CMakeFiles/pong.dir/src/pong.cpp.o[0m
[65.163s] [ 30%] [32mBuilding CXX object CMakeFiles/ping_pong.dir/src/examples_rclcpp_cbg_executor/pong_node.cpp.o[0m
[65.165s] [ 40%] [32mBuilding CXX object CMakeFiles/ping_pong.dir/src/examples_rclcpp_cbg_executor/ping_node.cpp.o[0m
[65.181s] [ 60%] [32mBuilding CXX object CMakeFiles/ping.dir/src/ping.cpp.o[0m
[65.189s] [ 70%] [32mBuilding CXX object CMakeFiles/ping.dir/src/examples_rclcpp_cbg_executor/ping_node.cpp.o[0m
[65.198s] [ 70%] [32mBuilding CXX object CMakeFiles/ping_pong.dir/src/ping_pong.cpp.o[0m
[106.035s] [ 80%] [32m[1mLinking CXX executable pong[0m
[106.974s] [ 90%] [32m[1mLinking CXX executable ping[0m
[108.253s] [100%] [32m[1mLinking CXX executable ping_pong[0m
[111.033s] [100%] Built target pong
[111.653s] [100%] Built target ping
[112.556s] [100%] Built target ping_pong
[112.783s] Invoked command in '/rjd_projects/colcon_practice1/build/examples_rclcpp_cbg_executor' returned '0': CMAKE_PREFIX_PATH=${CMAKE_PREFIX_PATH}:/opt/ros/jazzy /usr/bin/cmake --build /rjd_projects/colcon_practice1/build/examples_rclcpp_cbg_executor -- -j8 -l8
[113.081s] Invoking command in '/rjd_projects/colcon_practice1/build/examples_rclcpp_cbg_executor': CMAKE_PREFIX_PATH=${CMAKE_PREFIX_PATH}:/opt/ros/jazzy /usr/bin/cmake --install /rjd_projects/colcon_practice1/build/examples_rclcpp_cbg_executor
[114.122s] -- Install configuration: ""
[114.124s] -- Execute custom install script
[114.127s] -- Symlinking: /rjd_projects/colcon_practice1/install/examples_rclcpp_cbg_executor/lib/examples_rclcpp_cbg_executor/ping
[114.132s] -- Symlinking: /rjd_projects/colcon_practice1/install/examples_rclcpp_cbg_executor/lib/examples_rclcpp_cbg_executor/pong
[114.133s] -- Symlinking: /rjd_projects/colcon_practice1/install/examples_rclcpp_cbg_executor/lib/examples_rclcpp_cbg_executor/ping_pong
[114.135s] -- Symlinking: /rjd_projects/colcon_practice1/install/examples_rclcpp_cbg_executor/include/examples_rclcpp_cbg_executor/ping_node.hpp
[114.138s] -- Symlinking: /rjd_projects/colcon_practice1/install/examples_rclcpp_cbg_executor/include/examples_rclcpp_cbg_executor/pong_node.hpp
[114.141s] -- Symlinking: /rjd_projects/colcon_practice1/install/examples_rclcpp_cbg_executor/share/ament_index/resource_index/package_run_dependencies/examples_rclcpp_cbg_executor
[114.143s] -- Symlinking: /rjd_projects/colcon_practice1/install/examples_rclcpp_cbg_executor/share/ament_index/resource_index/parent_prefix_path/examples_rclcpp_cbg_executor
[114.144s] -- Symlinking: /rjd_projects/colcon_practice1/install/examples_rclcpp_cbg_executor/share/examples_rclcpp_cbg_executor/environment/ament_prefix_path.sh
[114.146s] -- Symlinking: /rjd_projects/colcon_practice1/install/examples_rclcpp_cbg_executor/share/examples_rclcpp_cbg_executor/environment/ament_prefix_path.dsv
[114.148s] -- Symlinking: /rjd_projects/colcon_practice1/install/examples_rclcpp_cbg_executor/share/examples_rclcpp_cbg_executor/environment/path.sh
[114.150s] -- Symlinking: /rjd_projects/colcon_practice1/install/examples_rclcpp_cbg_executor/share/examples_rclcpp_cbg_executor/environment/path.dsv
[114.152s] -- Symlinking: /rjd_projects/colcon_practice1/install/examples_rclcpp_cbg_executor/share/examples_rclcpp_cbg_executor/local_setup.bash
[114.154s] -- Symlinking: /rjd_projects/colcon_practice1/install/examples_rclcpp_cbg_executor/share/examples_rclcpp_cbg_executor/local_setup.sh
[114.155s] -- Symlinking: /rjd_projects/colcon_practice1/install/examples_rclcpp_cbg_executor/share/examples_rclcpp_cbg_executor/local_setup.zsh
[114.157s] -- Symlinking: /rjd_projects/colcon_practice1/install/examples_rclcpp_cbg_executor/share/examples_rclcpp_cbg_executor/local_setup.dsv
[114.159s] -- Symlinking: /rjd_projects/colcon_practice1/install/examples_rclcpp_cbg_executor/share/examples_rclcpp_cbg_executor/package.dsv
[114.160s] -- Symlinking: /rjd_projects/colcon_practice1/install/examples_rclcpp_cbg_executor/share/ament_index/resource_index/packages/examples_rclcpp_cbg_executor
[114.162s] -- Symlinking: /rjd_projects/colcon_practice1/install/examples_rclcpp_cbg_executor/share/examples_rclcpp_cbg_executor/cmake/ament_cmake_export_dependencies-extras.cmake
[114.164s] -- Symlinking: /rjd_projects/colcon_practice1/install/examples_rclcpp_cbg_executor/share/examples_rclcpp_cbg_executor/cmake/examples_rclcpp_cbg_executorConfig.cmake
[114.167s] -- Symlinking: /rjd_projects/colcon_practice1/install/examples_rclcpp_cbg_executor/share/examples_rclcpp_cbg_executor/cmake/examples_rclcpp_cbg_executorConfig-version.cmake
[114.170s] -- Symlinking: /rjd_projects/colcon_practice1/install/examples_rclcpp_cbg_executor/share/examples_rclcpp_cbg_executor/package.xml
[115.181s] Invoked command in '/rjd_projects/colcon_practice1/build/examples_rclcpp_cbg_executor' returned '0': CMAKE_PREFIX_PATH=${CMAKE_PREFIX_PATH}:/opt/ros/jazzy /usr/bin/cmake --install /rjd_projects/colcon_practice1/build/examples_rclcpp_cbg_executor
