[0.038s] Invoking command in '/rjd_projects/first_ws/build/turtlesim': CMAKE_PREFIX_PATH=${CMAKE_PREFIX_PATH}:/opt/ros/jazzy /usr/bin/cmake --build /rjd_projects/first_ws/build/turtlesim -- -j8 -l8
[0.217s] [  0%] Built target turtlesim__rosidl_generator_type_description
[0.333s] [  1%] Built target turtlesim__cpp
[0.625s] [  1%] Built target ament_cmake_python_copy_turtlesim
[1.076s] running egg_info
[1.125s] writing turtlesim.egg-info/PKG-INFO
[1.129s] writing dependency_links to turtlesim.egg-info/dependency_links.txt
[1.134s] writing top-level names to turtlesim.egg-info/top_level.txt
[1.169s] [ 24%] Built target turtlesim__rosidl_generator_c
[1.400s] reading manifest file 'turtlesim.egg-info/SOURCES.txt'
[1.414s] writing manifest file 'turtlesim.egg-info/SOURCES.txt'
[1.513s] [ 24%] Built target ament_cmake_python_build_turtlesim_egg
[1.818s] [ 33%] Built target turtlesim__rosidl_typesupport_introspection_c
[1.840s] [ 42%] Built target turtlesim__rosidl_typesupport_c
[2.393s] [ 51%] Built target turtlesim__rosidl_typesupport_cpp
[2.420s] [ 59%] Built target turtlesim__rosidl_typesupport_introspection_cpp
[2.628s] [ 67%] Built target turtlesim__rosidl_typesupport_fastrtps_c
[2.724s] [ 76%] Built target turtlesim__rosidl_typesupport_fastrtps_cpp
[2.810s] [ 76%] Built target turtlesim
[2.890s] [ 76%] Built target turtlesim__py
[3.383s] [ 79%] Built target mimic
[3.385s] [ 79%] Built target draw_square
[3.468s] [ 81%] Built target turtle_teleop_key
[3.815s] [ 89%] Built target turtlesim__rosidl_generator_py
[4.150s] [ 91%] Built target turtlesim_s__rosidl_typesupport_fastrtps_c
[4.159s] [ 95%] Built target turtlesim_s__rosidl_typesupport_introspection_c
[4.161s] [ 95%] Built target turtlesim_s__rosidl_typesupport_c
[4.306s] [ 96%] [32mBuilding CXX object CMakeFiles/turtlesim_node.dir/src/turtle_frame.cpp.o[0m
[22.206s] [ 97%] [32m[1mLinking CXX executable turtlesim_node[0m
[27.196s] [100%] Built target turtlesim_node
[27.314s] Invoked command in '/rjd_projects/first_ws/build/turtlesim' returned '0': CMAKE_PREFIX_PATH=${CMAKE_PREFIX_PATH}:/opt/ros/jazzy /usr/bin/cmake --build /rjd_projects/first_ws/build/turtlesim -- -j8 -l8
[28.040s] Invoking command in '/rjd_projects/first_ws/build/turtlesim': CMAKE_PREFIX_PATH=${CMAKE_PREFIX_PATH}:/opt/ros/jazzy /usr/bin/cmake --install /rjd_projects/first_ws/build/turtlesim
[28.060s] -- Install configuration: ""
[28.062s] -- Up-to-date: /rjd_projects/first_ws/install/turtlesim/share/ament_index/resource_index/rosidl_interfaces/turtlesim
[28.064s] -- Up-to-date: /rjd_projects/first_ws/install/turtlesim/share/turtlesim/action/RotateAbsolute.json
[28.065s] -- Up-to-date: /rjd_projects/first_ws/install/turtlesim/share/turtlesim/msg/Color.json
[28.067s] -- Up-to-date: /rjd_projects/first_ws/install/turtlesim/share/turtlesim/msg/Pose.json
[28.068s] -- Up-to-date: /rjd_projects/first_ws/install/turtlesim/share/turtlesim/srv/Kill.json
[28.069s] -- Up-to-date: /rjd_projects/first_ws/install/turtlesim/share/turtlesim/srv/SetPen.json
[28.071s] -- Up-to-date: /rjd_projects/first_ws/install/turtlesim/share/turtlesim/srv/Spawn.json
[28.072s] -- Up-to-date: /rjd_projects/first_ws/install/turtlesim/share/turtlesim/srv/TeleportAbsolute.json
[28.074s] -- Up-to-date: /rjd_projects/first_ws/install/turtlesim/share/turtlesim/srv/TeleportRelative.json
[28.077s] -- Up-to-date: /rjd_projects/first_ws/install/turtlesim/include/turtlesim/turtlesim
[28.080s] -- Up-to-date: /rjd_projects/first_ws/install/turtlesim/include/turtlesim/turtlesim/msg
[28.084s] -- Up-to-date: /rjd_projects/first_ws/install/turtlesim/include/turtlesim/turtlesim/msg/rosidl_generator_c__visibility_control.h
[28.085s] -- Up-to-date: /rjd_projects/first_ws/install/turtlesim/include/turtlesim/turtlesim/msg/color.h
[28.087s] -- Up-to-date: /rjd_projects/first_ws/install/turtlesim/include/turtlesim/turtlesim/msg/pose.h
[28.089s] -- Up-to-date: /rjd_projects/first_ws/install/turtlesim/include/turtlesim/turtlesim/msg/detail
[28.092s] -- Up-to-date: /rjd_projects/first_ws/install/turtlesim/include/turtlesim/turtlesim/msg/detail/pose__type_support.h
[28.094s] -- Up-to-date: /rjd_projects/first_ws/install/turtlesim/include/turtlesim/turtlesim/msg/detail/color__functions.h
[28.096s] -- Up-to-date: /rjd_projects/first_ws/install/turtlesim/include/turtlesim/turtlesim/msg/detail/color__description.c
[28.099s] -- Installing: /rjd_projects/first_ws/install/turtlesim/include/turtlesim/turtlesim/msg/detail/color__type_support.c
[28.108s] -- Up-to-date: /rjd_projects/first_ws/install/turtlesim/include/turtlesim/turtlesim/msg/detail/pose__functions.h
[28.110s] -- Up-to-date: /rjd_projects/first_ws/install/turtlesim/include/turtlesim/turtlesim/msg/detail/color__struct.h
[28.112s] -- Up-to-date: /rjd_projects/first_ws/install/turtlesim/include/turtlesim/turtlesim/msg/detail/pose__struct.h
[28.113s] -- Up-to-date: /rjd_projects/first_ws/install/turtlesim/include/turtlesim/turtlesim/msg/detail/color__functions.c
[28.116s] -- Installing: /rjd_projects/first_ws/install/turtlesim/include/turtlesim/turtlesim/msg/detail/pose__type_support.c
[28.127s] -- Up-to-date: /rjd_projects/first_ws/install/turtlesim/include/turtlesim/turtlesim/msg/detail/color__type_support.h
[28.129s] -- Up-to-date: /rjd_projects/first_ws/install/turtlesim/include/turtlesim/turtlesim/msg/detail/pose__functions.c
[28.131s] -- Up-to-date: /rjd_projects/first_ws/install/turtlesim/include/turtlesim/turtlesim/msg/detail/pose__description.c
[28.133s] -- Up-to-date: /rjd_projects/first_ws/install/turtlesim/include/turtlesim/turtlesim/action
[28.137s] -- Up-to-date: /rjd_projects/first_ws/install/turtlesim/include/turtlesim/turtlesim/action/rotate_absolute.h
[28.140s] -- Up-to-date: /rjd_projects/first_ws/install/turtlesim/include/turtlesim/turtlesim/action/detail
[28.144s] -- Up-to-date: /rjd_projects/first_ws/install/turtlesim/include/turtlesim/turtlesim/action/detail/rotate_absolute__functions.c
[28.146s] -- Up-to-date: /rjd_projects/first_ws/install/turtlesim/include/turtlesim/turtlesim/action/detail/rotate_absolute__type_support.h
[28.148s] -- Up-to-date: /rjd_projects/first_ws/install/turtlesim/include/turtlesim/turtlesim/action/detail/rotate_absolute__struct.h
[28.150s] -- Up-to-date: /rjd_projects/first_ws/install/turtlesim/include/turtlesim/turtlesim/action/detail/rotate_absolute__description.c
[28.153s] -- Up-to-date: /rjd_projects/first_ws/install/turtlesim/include/turtlesim/turtlesim/action/detail/rotate_absolute__functions.h
[28.155s] -- Installing: /rjd_projects/first_ws/install/turtlesim/include/turtlesim/turtlesim/action/detail/rotate_absolute__type_support.c
[28.168s] -- Up-to-date: /rjd_projects/first_ws/install/turtlesim/include/turtlesim/turtlesim/srv
[28.173s] -- Up-to-date: /rjd_projects/first_ws/install/turtlesim/include/turtlesim/turtlesim/srv/teleport_relative.h
[28.175s] -- Up-to-date: /rjd_projects/first_ws/install/turtlesim/include/turtlesim/turtlesim/srv/kill.h
[28.178s] -- Up-to-date: /rjd_projects/first_ws/install/turtlesim/include/turtlesim/turtlesim/srv/spawn.h
[28.180s] -- Up-to-date: /rjd_projects/first_ws/install/turtlesim/include/turtlesim/turtlesim/srv/detail
[28.185s] -- Up-to-date: /rjd_projects/first_ws/install/turtlesim/include/turtlesim/turtlesim/srv/detail/spawn__functions.h
[28.187s] -- Up-to-date: /rjd_projects/first_ws/install/turtlesim/include/turtlesim/turtlesim/srv/detail/kill__struct.h
[28.189s] -- Installing: /rjd_projects/first_ws/install/turtlesim/include/turtlesim/turtlesim/srv/detail/set_pen__type_support.c
[28.204s] -- Up-to-date: /rjd_projects/first_ws/install/turtlesim/include/turtlesim/turtlesim/srv/detail/teleport_relative__type_support.h
[28.207s] -- Installing: /rjd_projects/first_ws/install/turtlesim/include/turtlesim/turtlesim/srv/detail/spawn__type_support.c
[28.219s] -- Up-to-date: /rjd_projects/first_ws/install/turtlesim/include/turtlesim/turtlesim/srv/detail/teleport_absolute__functions.c
[28.221s] -- Up-to-date: /rjd_projects/first_ws/install/turtlesim/include/turtlesim/turtlesim/srv/detail/teleport_absolute__struct.h
[28.223s] -- Up-to-date: /rjd_projects/first_ws/install/turtlesim/include/turtlesim/turtlesim/srv/detail/teleport_relative__description.c
[28.225s] -- Up-to-date: /rjd_projects/first_ws/install/turtlesim/include/turtlesim/turtlesim/srv/detail/spawn__description.c
[28.227s] -- Up-to-date: /rjd_projects/first_ws/install/turtlesim/include/turtlesim/turtlesim/srv/detail/set_pen__functions.c
[28.229s] -- Up-to-date: /rjd_projects/first_ws/install/turtlesim/include/turtlesim/turtlesim/srv/detail/kill__functions.c
[28.231s] -- Up-to-date: /rjd_projects/first_ws/install/turtlesim/include/turtlesim/turtlesim/srv/detail/teleport_relative__struct.h
[28.233s] -- Up-to-date: /rjd_projects/first_ws/install/turtlesim/include/turtlesim/turtlesim/srv/detail/teleport_absolute__type_support.h
[28.235s] -- Up-to-date: /rjd_projects/first_ws/install/turtlesim/include/turtlesim/turtlesim/srv/detail/teleport_relative__functions.c
[28.238s] -- Installing: /rjd_projects/first_ws/install/turtlesim/include/turtlesim/turtlesim/srv/detail/kill__type_support.c
[28.251s] -- Up-to-date: /rjd_projects/first_ws/install/turtlesim/include/turtlesim/turtlesim/srv/detail/set_pen__type_support.h
[28.253s] -- Up-to-date: /rjd_projects/first_ws/install/turtlesim/include/turtlesim/turtlesim/srv/detail/spawn__struct.h
[28.255s] -- Up-to-date: /rjd_projects/first_ws/install/turtlesim/include/turtlesim/turtlesim/srv/detail/spawn__functions.c
[28.257s] -- Up-to-date: /rjd_projects/first_ws/install/turtlesim/include/turtlesim/turtlesim/srv/detail/kill__description.c
[28.260s] -- Installing: /rjd_projects/first_ws/install/turtlesim/include/turtlesim/turtlesim/srv/detail/teleport_relative__type_support.c
[28.272s] -- Up-to-date: /rjd_projects/first_ws/install/turtlesim/include/turtlesim/turtlesim/srv/detail/set_pen__struct.h
[28.274s] -- Up-to-date: /rjd_projects/first_ws/install/turtlesim/include/turtlesim/turtlesim/srv/detail/teleport_absolute__functions.h
[28.276s] -- Up-to-date: /rjd_projects/first_ws/install/turtlesim/include/turtlesim/turtlesim/srv/detail/spawn__type_support.h
[28.278s] -- Installing: /rjd_projects/first_ws/install/turtlesim/include/turtlesim/turtlesim/srv/detail/teleport_absolute__type_support.c
[28.291s] -- Up-to-date: /rjd_projects/first_ws/install/turtlesim/include/turtlesim/turtlesim/srv/detail/kill__type_support.h
[28.293s] -- Up-to-date: /rjd_projects/first_ws/install/turtlesim/include/turtlesim/turtlesim/srv/detail/teleport_relative__functions.h
[28.295s] -- Up-to-date: /rjd_projects/first_ws/install/turtlesim/include/turtlesim/turtlesim/srv/detail/set_pen__description.c
[28.298s] -- Up-to-date: /rjd_projects/first_ws/install/turtlesim/include/turtlesim/turtlesim/srv/detail/kill__functions.h
[28.300s] -- Up-to-date: /rjd_projects/first_ws/install/turtlesim/include/turtlesim/turtlesim/srv/detail/teleport_absolute__description.c
[28.302s] -- Up-to-date: /rjd_projects/first_ws/install/turtlesim/include/turtlesim/turtlesim/srv/detail/set_pen__functions.h
[28.304s] -- Up-to-date: /rjd_projects/first_ws/install/turtlesim/include/turtlesim/turtlesim/srv/set_pen.h
[28.306s] -- Up-to-date: /rjd_projects/first_ws/install/turtlesim/include/turtlesim/turtlesim/srv/teleport_absolute.h
[28.309s] -- Up-to-date: /rjd_projects/first_ws/install/turtlesim/share/turtlesim/environment/library_path.sh
[28.310s] -- Up-to-date: /rjd_projects/first_ws/install/turtlesim/share/turtlesim/environment/library_path.dsv
[28.315s] -- Up-to-date: /rjd_projects/first_ws/install/turtlesim/lib/libturtlesim__rosidl_generator_c.so
[28.321s] -- Up-to-date: /rjd_projects/first_ws/install/turtlesim/include/turtlesim/turtlesim
[28.324s] -- Up-to-date: /rjd_projects/first_ws/install/turtlesim/include/turtlesim/turtlesim/msg
[28.328s] -- Up-to-date: /rjd_projects/first_ws/install/turtlesim/include/turtlesim/turtlesim/msg/detail
[28.332s] -- Up-to-date: /rjd_projects/first_ws/install/turtlesim/include/turtlesim/turtlesim/msg/detail/color__rosidl_typesupport_fastrtps_c.h
[28.335s] -- Up-to-date: /rjd_projects/first_ws/install/turtlesim/include/turtlesim/turtlesim/msg/detail/pose__rosidl_typesupport_fastrtps_c.h
[28.337s] -- Up-to-date: /rjd_projects/first_ws/install/turtlesim/include/turtlesim/turtlesim/msg/rosidl_typesupport_fastrtps_c__visibility_control.h
[28.339s] -- Up-to-date: /rjd_projects/first_ws/install/turtlesim/include/turtlesim/turtlesim/action
[28.344s] -- Up-to-date: /rjd_projects/first_ws/install/turtlesim/include/turtlesim/turtlesim/action/detail
[28.348s] -- Up-to-date: /rjd_projects/first_ws/install/turtlesim/include/turtlesim/turtlesim/action/detail/rotate_absolute__rosidl_typesupport_fastrtps_c.h
[28.350s] -- Up-to-date: /rjd_projects/first_ws/install/turtlesim/include/turtlesim/turtlesim/srv
[28.354s] -- Up-to-date: /rjd_projects/first_ws/install/turtlesim/include/turtlesim/turtlesim/srv/detail
[28.359s] -- Up-to-date: /rjd_projects/first_ws/install/turtlesim/include/turtlesim/turtlesim/srv/detail/set_pen__rosidl_typesupport_fastrtps_c.h
[28.360s] -- Up-to-date: /rjd_projects/first_ws/install/turtlesim/include/turtlesim/turtlesim/srv/detail/kill__rosidl_typesupport_fastrtps_c.h
[28.362s] -- Up-to-date: /rjd_projects/first_ws/install/turtlesim/include/turtlesim/turtlesim/srv/detail/spawn__rosidl_typesupport_fastrtps_c.h
[28.364s] -- Up-to-date: /rjd_projects/first_ws/install/turtlesim/include/turtlesim/turtlesim/srv/detail/teleport_absolute__rosidl_typesupport_fastrtps_c.h
[28.366s] -- Up-to-date: /rjd_projects/first_ws/install/turtlesim/include/turtlesim/turtlesim/srv/detail/teleport_relative__rosidl_typesupport_fastrtps_c.h
[28.370s] -- Up-to-date: /rjd_projects/first_ws/install/turtlesim/lib/libturtlesim__rosidl_typesupport_fastrtps_c.so
[28.374s] -- Up-to-date: /rjd_projects/first_ws/install/turtlesim/include/turtlesim/turtlesim
[28.379s] -- Up-to-date: /rjd_projects/first_ws/install/turtlesim/include/turtlesim/turtlesim/msg
[28.383s] -- Up-to-date: /rjd_projects/first_ws/install/turtlesim/include/turtlesim/turtlesim/msg/pose.hpp
[28.386s] -- Up-to-date: /rjd_projects/first_ws/install/turtlesim/include/turtlesim/turtlesim/msg/detail
[28.389s] -- Up-to-date: /rjd_projects/first_ws/install/turtlesim/include/turtlesim/turtlesim/msg/detail/pose__struct.hpp
[28.392s] -- Up-to-date: /rjd_projects/first_ws/install/turtlesim/include/turtlesim/turtlesim/msg/detail/color__struct.hpp
[28.394s] -- Up-to-date: /rjd_projects/first_ws/install/turtlesim/include/turtlesim/turtlesim/msg/detail/pose__builder.hpp
[28.397s] -- Up-to-date: /rjd_projects/first_ws/install/turtlesim/include/turtlesim/turtlesim/msg/detail/color__type_support.hpp
[28.398s] -- Up-to-date: /rjd_projects/first_ws/install/turtlesim/include/turtlesim/turtlesim/msg/detail/pose__type_support.hpp
[28.401s] -- Up-to-date: /rjd_projects/first_ws/install/turtlesim/include/turtlesim/turtlesim/msg/detail/pose__traits.hpp
[28.403s] -- Up-to-date: /rjd_projects/first_ws/install/turtlesim/include/turtlesim/turtlesim/msg/detail/color__builder.hpp
[28.406s] -- Up-to-date: /rjd_projects/first_ws/install/turtlesim/include/turtlesim/turtlesim/msg/detail/color__traits.hpp
[28.408s] -- Up-to-date: /rjd_projects/first_ws/install/turtlesim/include/turtlesim/turtlesim/msg/rosidl_generator_cpp__visibility_control.hpp
[28.410s] -- Up-to-date: /rjd_projects/first_ws/install/turtlesim/include/turtlesim/turtlesim/msg/color.hpp
[28.412s] -- Up-to-date: /rjd_projects/first_ws/install/turtlesim/include/turtlesim/turtlesim/action
[28.416s] -- Up-to-date: /rjd_projects/first_ws/install/turtlesim/include/turtlesim/turtlesim/action/rotate_absolute.hpp
[28.419s] -- Up-to-date: /rjd_projects/first_ws/install/turtlesim/include/turtlesim/turtlesim/action/detail
[28.423s] -- Up-to-date: /rjd_projects/first_ws/install/turtlesim/include/turtlesim/turtlesim/action/detail/rotate_absolute__traits.hpp
[28.425s] -- Up-to-date: /rjd_projects/first_ws/install/turtlesim/include/turtlesim/turtlesim/action/detail/rotate_absolute__builder.hpp
[28.428s] -- Up-to-date: /rjd_projects/first_ws/install/turtlesim/include/turtlesim/turtlesim/action/detail/rotate_absolute__struct.hpp
[28.430s] -- Up-to-date: /rjd_projects/first_ws/install/turtlesim/include/turtlesim/turtlesim/action/detail/rotate_absolute__type_support.hpp
[28.432s] -- Up-to-date: /rjd_projects/first_ws/install/turtlesim/include/turtlesim/turtlesim/srv
[28.436s] -- Up-to-date: /rjd_projects/first_ws/install/turtlesim/include/turtlesim/turtlesim/srv/kill.hpp
[28.438s] -- Up-to-date: /rjd_projects/first_ws/install/turtlesim/include/turtlesim/turtlesim/srv/detail
[28.443s] -- Up-to-date: /rjd_projects/first_ws/install/turtlesim/include/turtlesim/turtlesim/srv/detail/spawn__struct.hpp
[28.445s] -- Up-to-date: /rjd_projects/first_ws/install/turtlesim/include/turtlesim/turtlesim/srv/detail/set_pen__builder.hpp
[28.447s] -- Up-to-date: /rjd_projects/first_ws/install/turtlesim/include/turtlesim/turtlesim/srv/detail/teleport_relative__traits.hpp
[28.449s] -- Up-to-date: /rjd_projects/first_ws/install/turtlesim/include/turtlesim/turtlesim/srv/detail/set_pen__traits.hpp
[28.451s] -- Up-to-date: /rjd_projects/first_ws/install/turtlesim/include/turtlesim/turtlesim/srv/detail/kill__type_support.hpp
[28.453s] -- Up-to-date: /rjd_projects/first_ws/install/turtlesim/include/turtlesim/turtlesim/srv/detail/kill__builder.hpp
[28.455s] -- Up-to-date: /rjd_projects/first_ws/install/turtlesim/include/turtlesim/turtlesim/srv/detail/teleport_absolute__struct.hpp
[28.457s] -- Up-to-date: /rjd_projects/first_ws/install/turtlesim/include/turtlesim/turtlesim/srv/detail/teleport_relative__builder.hpp
[28.459s] -- Up-to-date: /rjd_projects/first_ws/install/turtlesim/include/turtlesim/turtlesim/srv/detail/set_pen__type_support.hpp
[28.461s] -- Up-to-date: /rjd_projects/first_ws/install/turtlesim/include/turtlesim/turtlesim/srv/detail/teleport_absolute__builder.hpp
[28.463s] -- Up-to-date: /rjd_projects/first_ws/install/turtlesim/include/turtlesim/turtlesim/srv/detail/teleport_relative__type_support.hpp
[28.465s] -- Up-to-date: /rjd_projects/first_ws/install/turtlesim/include/turtlesim/turtlesim/srv/detail/teleport_absolute__type_support.hpp
[28.467s] -- Up-to-date: /rjd_projects/first_ws/install/turtlesim/include/turtlesim/turtlesim/srv/detail/kill__struct.hpp
[28.469s] -- Up-to-date: /rjd_projects/first_ws/install/turtlesim/include/turtlesim/turtlesim/srv/detail/teleport_absolute__traits.hpp
[28.471s] -- Up-to-date: /rjd_projects/first_ws/install/turtlesim/include/turtlesim/turtlesim/srv/detail/spawn__traits.hpp
[28.474s] -- Up-to-date: /rjd_projects/first_ws/install/turtlesim/include/turtlesim/turtlesim/srv/detail/set_pen__struct.hpp
[28.475s] -- Up-to-date: /rjd_projects/first_ws/install/turtlesim/include/turtlesim/turtlesim/srv/detail/teleport_relative__struct.hpp
[28.477s] -- Up-to-date: /rjd_projects/first_ws/install/turtlesim/include/turtlesim/turtlesim/srv/detail/spawn__type_support.hpp
[28.479s] -- Up-to-date: /rjd_projects/first_ws/install/turtlesim/include/turtlesim/turtlesim/srv/detail/spawn__builder.hpp
[28.481s] -- Up-to-date: /rjd_projects/first_ws/install/turtlesim/include/turtlesim/turtlesim/srv/detail/kill__traits.hpp
[28.483s] -- Up-to-date: /rjd_projects/first_ws/install/turtlesim/include/turtlesim/turtlesim/srv/teleport_absolute.hpp
[28.486s] -- Up-to-date: /rjd_projects/first_ws/install/turtlesim/include/turtlesim/turtlesim/srv/teleport_relative.hpp
[28.488s] -- Up-to-date: /rjd_projects/first_ws/install/turtlesim/include/turtlesim/turtlesim/srv/spawn.hpp
[28.490s] -- Up-to-date: /rjd_projects/first_ws/install/turtlesim/include/turtlesim/turtlesim/srv/set_pen.hpp
[28.493s] -- Up-to-date: /rjd_projects/first_ws/install/turtlesim/include/turtlesim/turtlesim
[28.496s] -- Up-to-date: /rjd_projects/first_ws/install/turtlesim/include/turtlesim/turtlesim/msg
[28.500s] -- Up-to-date: /rjd_projects/first_ws/install/turtlesim/include/turtlesim/turtlesim/msg/rosidl_typesupport_fastrtps_cpp__visibility_control.h
[28.502s] -- Up-to-date: /rjd_projects/first_ws/install/turtlesim/include/turtlesim/turtlesim/msg/detail
[28.506s] -- Up-to-date: /rjd_projects/first_ws/install/turtlesim/include/turtlesim/turtlesim/msg/detail/color__rosidl_typesupport_fastrtps_cpp.hpp
[28.508s] -- Up-to-date: /rjd_projects/first_ws/install/turtlesim/include/turtlesim/turtlesim/msg/detail/pose__rosidl_typesupport_fastrtps_cpp.hpp
[28.511s] -- Up-to-date: /rjd_projects/first_ws/install/turtlesim/include/turtlesim/turtlesim/msg/detail/dds_fastrtps
[28.515s] -- Up-to-date: /rjd_projects/first_ws/install/turtlesim/include/turtlesim/turtlesim/action
[28.519s] -- Up-to-date: /rjd_projects/first_ws/install/turtlesim/include/turtlesim/turtlesim/action/detail
[28.522s] -- Up-to-date: /rjd_projects/first_ws/install/turtlesim/include/turtlesim/turtlesim/action/detail/rotate_absolute__rosidl_typesupport_fastrtps_cpp.hpp
[28.525s] -- Up-to-date: /rjd_projects/first_ws/install/turtlesim/include/turtlesim/turtlesim/action/detail/dds_fastrtps
[28.528s] -- Up-to-date: /rjd_projects/first_ws/install/turtlesim/include/turtlesim/turtlesim/srv
[28.532s] -- Up-to-date: /rjd_projects/first_ws/install/turtlesim/include/turtlesim/turtlesim/srv/detail
[28.536s] -- Up-to-date: /rjd_projects/first_ws/install/turtlesim/include/turtlesim/turtlesim/srv/detail/spawn__rosidl_typesupport_fastrtps_cpp.hpp
[28.538s] -- Up-to-date: /rjd_projects/first_ws/install/turtlesim/include/turtlesim/turtlesim/srv/detail/teleport_relative__rosidl_typesupport_fastrtps_cpp.hpp
[28.540s] -- Up-to-date: /rjd_projects/first_ws/install/turtlesim/include/turtlesim/turtlesim/srv/detail/kill__rosidl_typesupport_fastrtps_cpp.hpp
[28.544s] -- Up-to-date: /rjd_projects/first_ws/install/turtlesim/include/turtlesim/turtlesim/srv/detail/dds_fastrtps
[28.547s] -- Up-to-date: /rjd_projects/first_ws/install/turtlesim/include/turtlesim/turtlesim/srv/detail/set_pen__rosidl_typesupport_fastrtps_cpp.hpp
[28.549s] -- Up-to-date: /rjd_projects/first_ws/install/turtlesim/include/turtlesim/turtlesim/srv/detail/teleport_absolute__rosidl_typesupport_fastrtps_cpp.hpp
[28.553s] -- Up-to-date: /rjd_projects/first_ws/install/turtlesim/lib/libturtlesim__rosidl_typesupport_fastrtps_cpp.so
[28.558s] -- Up-to-date: /rjd_projects/first_ws/install/turtlesim/include/turtlesim/turtlesim
[28.562s] -- Up-to-date: /rjd_projects/first_ws/install/turtlesim/include/turtlesim/turtlesim/msg
[28.566s] -- Up-to-date: /rjd_projects/first_ws/install/turtlesim/include/turtlesim/turtlesim/msg/detail
[28.570s] -- Up-to-date: /rjd_projects/first_ws/install/turtlesim/include/turtlesim/turtlesim/msg/detail/pose__rosidl_typesupport_introspection_c.h
[28.572s] -- Up-to-date: /rjd_projects/first_ws/install/turtlesim/include/turtlesim/turtlesim/msg/detail/color__rosidl_typesupport_introspection_c.h
[28.574s] -- Installing: /rjd_projects/first_ws/install/turtlesim/include/turtlesim/turtlesim/msg/detail/color__type_support.c
[28.588s] -- Installing: /rjd_projects/first_ws/install/turtlesim/include/turtlesim/turtlesim/msg/detail/pose__type_support.c
[28.599s] -- Up-to-date: /rjd_projects/first_ws/install/turtlesim/include/turtlesim/turtlesim/msg/rosidl_typesupport_introspection_c__visibility_control.h
[28.601s] -- Up-to-date: /rjd_projects/first_ws/install/turtlesim/include/turtlesim/turtlesim/action
[28.604s] -- Up-to-date: /rjd_projects/first_ws/install/turtlesim/include/turtlesim/turtlesim/action/detail
[28.608s] -- Up-to-date: /rjd_projects/first_ws/install/turtlesim/include/turtlesim/turtlesim/action/detail/rotate_absolute__rosidl_typesupport_introspection_c.h
[28.610s] -- Installing: /rjd_projects/first_ws/install/turtlesim/include/turtlesim/turtlesim/action/detail/rotate_absolute__type_support.c
[28.629s] -- Up-to-date: /rjd_projects/first_ws/install/turtlesim/include/turtlesim/turtlesim/srv
[28.633s] -- Up-to-date: /rjd_projects/first_ws/install/turtlesim/include/turtlesim/turtlesim/srv/detail
[28.637s] -- Installing: /rjd_projects/first_ws/install/turtlesim/include/turtlesim/turtlesim/srv/detail/set_pen__type_support.c
[28.652s] -- Up-to-date: /rjd_projects/first_ws/install/turtlesim/include/turtlesim/turtlesim/srv/detail/teleport_relative__rosidl_typesupport_introspection_c.h
[28.654s] -- Installing: /rjd_projects/first_ws/install/turtlesim/include/turtlesim/turtlesim/srv/detail/spawn__type_support.c
[28.667s] -- Up-to-date: /rjd_projects/first_ws/install/turtlesim/include/turtlesim/turtlesim/srv/detail/spawn__rosidl_typesupport_introspection_c.h
[28.670s] -- Up-to-date: /rjd_projects/first_ws/install/turtlesim/include/turtlesim/turtlesim/srv/detail/teleport_absolute__rosidl_typesupport_introspection_c.h
[28.672s] -- Installing: /rjd_projects/first_ws/install/turtlesim/include/turtlesim/turtlesim/srv/detail/kill__type_support.c
[28.687s] -- Up-to-date: /rjd_projects/first_ws/install/turtlesim/include/turtlesim/turtlesim/srv/detail/set_pen__rosidl_typesupport_introspection_c.h
[28.690s] -- Installing: /rjd_projects/first_ws/install/turtlesim/include/turtlesim/turtlesim/srv/detail/teleport_relative__type_support.c
[28.703s] -- Up-to-date: /rjd_projects/first_ws/install/turtlesim/include/turtlesim/turtlesim/srv/detail/kill__rosidl_typesupport_introspection_c.h
[28.705s] -- Installing: /rjd_projects/first_ws/install/turtlesim/include/turtlesim/turtlesim/srv/detail/teleport_absolute__type_support.c
[28.722s] -- Up-to-date: /rjd_projects/first_ws/install/turtlesim/lib/libturtlesim__rosidl_typesupport_introspection_c.so
[28.729s] -- Up-to-date: /rjd_projects/first_ws/install/turtlesim/lib/libturtlesim__rosidl_typesupport_c.so
[28.734s] -- Up-to-date: /rjd_projects/first_ws/install/turtlesim/include/turtlesim/turtlesim
[28.738s] -- Up-to-date: /rjd_projects/first_ws/install/turtlesim/include/turtlesim/turtlesim/msg
[28.741s] -- Up-to-date: /rjd_projects/first_ws/install/turtlesim/include/turtlesim/turtlesim/msg/detail
[28.746s] -- Up-to-date: /rjd_projects/first_ws/install/turtlesim/include/turtlesim/turtlesim/msg/detail/pose__rosidl_typesupport_introspection_cpp.hpp
[28.749s] -- Up-to-date: /rjd_projects/first_ws/install/turtlesim/include/turtlesim/turtlesim/msg/detail/color__type_support.cpp
[28.751s] -- Up-to-date: /rjd_projects/first_ws/install/turtlesim/include/turtlesim/turtlesim/msg/detail/pose__type_support.cpp
[28.753s] -- Up-to-date: /rjd_projects/first_ws/install/turtlesim/include/turtlesim/turtlesim/msg/detail/color__rosidl_typesupport_introspection_cpp.hpp
[28.755s] -- Up-to-date: /rjd_projects/first_ws/install/turtlesim/include/turtlesim/turtlesim/action
[28.759s] -- Up-to-date: /rjd_projects/first_ws/install/turtlesim/include/turtlesim/turtlesim/action/detail
[28.763s] -- Up-to-date: /rjd_projects/first_ws/install/turtlesim/include/turtlesim/turtlesim/action/detail/rotate_absolute__type_support.cpp
[28.765s] -- Up-to-date: /rjd_projects/first_ws/install/turtlesim/include/turtlesim/turtlesim/action/detail/rotate_absolute__rosidl_typesupport_introspection_cpp.hpp
[28.767s] -- Up-to-date: /rjd_projects/first_ws/install/turtlesim/include/turtlesim/turtlesim/srv
[28.771s] -- Up-to-date: /rjd_projects/first_ws/install/turtlesim/include/turtlesim/turtlesim/srv/detail
[28.776s] -- Up-to-date: /rjd_projects/first_ws/install/turtlesim/include/turtlesim/turtlesim/srv/detail/spawn__rosidl_typesupport_introspection_cpp.hpp
[28.778s] -- Up-to-date: /rjd_projects/first_ws/install/turtlesim/include/turtlesim/turtlesim/srv/detail/teleport_absolute__rosidl_typesupport_introspection_cpp.hpp
[28.780s] -- Up-to-date: /rjd_projects/first_ws/install/turtlesim/include/turtlesim/turtlesim/srv/detail/spawn__type_support.cpp
[28.782s] -- Up-to-date: /rjd_projects/first_ws/install/turtlesim/include/turtlesim/turtlesim/srv/detail/set_pen__rosidl_typesupport_introspection_cpp.hpp
[28.783s] -- Up-to-date: /rjd_projects/first_ws/install/turtlesim/include/turtlesim/turtlesim/srv/detail/teleport_relative__rosidl_typesupport_introspection_cpp.hpp
[28.786s] -- Up-to-date: /rjd_projects/first_ws/install/turtlesim/include/turtlesim/turtlesim/srv/detail/teleport_relative__type_support.cpp
[28.788s] -- Up-to-date: /rjd_projects/first_ws/install/turtlesim/include/turtlesim/turtlesim/srv/detail/teleport_absolute__type_support.cpp
[28.790s] -- Up-to-date: /rjd_projects/first_ws/install/turtlesim/include/turtlesim/turtlesim/srv/detail/kill__rosidl_typesupport_introspection_cpp.hpp
[28.793s] -- Up-to-date: /rjd_projects/first_ws/install/turtlesim/include/turtlesim/turtlesim/srv/detail/kill__type_support.cpp
[28.795s] -- Up-to-date: /rjd_projects/first_ws/install/turtlesim/include/turtlesim/turtlesim/srv/detail/set_pen__type_support.cpp
[28.800s] -- Up-to-date: /rjd_projects/first_ws/install/turtlesim/lib/libturtlesim__rosidl_typesupport_introspection_cpp.so
[28.806s] -- Up-to-date: /rjd_projects/first_ws/install/turtlesim/lib/libturtlesim__rosidl_typesupport_cpp.so
[28.811s] -- Up-to-date: /rjd_projects/first_ws/install/turtlesim/share/turtlesim/environment/pythonpath.sh
[28.813s] -- Up-to-date: /rjd_projects/first_ws/install/turtlesim/share/turtlesim/environment/pythonpath.dsv
[28.816s] -- Up-to-date: /rjd_projects/first_ws/install/turtlesim/lib/python3.12/site-packages/turtlesim-1.8.3-py3.12.egg-info
[28.819s] -- Installing: /rjd_projects/first_ws/install/turtlesim/lib/python3.12/site-packages/turtlesim-1.8.3-py3.12.egg-info/PKG-INFO
[28.833s] -- Installing: /rjd_projects/first_ws/install/turtlesim/lib/python3.12/site-packages/turtlesim-1.8.3-py3.12.egg-info/SOURCES.txt
[28.846s] -- Installing: /rjd_projects/first_ws/install/turtlesim/lib/python3.12/site-packages/turtlesim-1.8.3-py3.12.egg-info/top_level.txt
[28.858s] -- Installing: /rjd_projects/first_ws/install/turtlesim/lib/python3.12/site-packages/turtlesim-1.8.3-py3.12.egg-info/dependency_links.txt
[28.872s] -- Up-to-date: /rjd_projects/first_ws/install/turtlesim/lib/python3.12/site-packages/turtlesim
[28.876s] -- Up-to-date: /rjd_projects/first_ws/install/turtlesim/lib/python3.12/site-packages/turtlesim/msg
[28.880s] -- Up-to-date: /rjd_projects/first_ws/install/turtlesim/lib/python3.12/site-packages/turtlesim/msg/_pose.py
[28.883s] -- Up-to-date: /rjd_projects/first_ws/install/turtlesim/lib/python3.12/site-packages/turtlesim/msg/_color.py
[28.885s] -- Up-to-date: /rjd_projects/first_ws/install/turtlesim/lib/python3.12/site-packages/turtlesim/msg/_pose_s.c
[28.888s] -- Up-to-date: /rjd_projects/first_ws/install/turtlesim/lib/python3.12/site-packages/turtlesim/msg/_color_s.c
[28.891s] -- Up-to-date: /rjd_projects/first_ws/install/turtlesim/lib/python3.12/site-packages/turtlesim/msg/__init__.py
[28.894s] -- Up-to-date: /rjd_projects/first_ws/install/turtlesim/lib/python3.12/site-packages/turtlesim/_turtlesim_s.ep.rosidl_typesupport_introspection_c.c
[28.896s] -- Up-to-date: /rjd_projects/first_ws/install/turtlesim/lib/python3.12/site-packages/turtlesim/turtlesim_s__rosidl_typesupport_introspection_c.so
[28.898s] -- Up-to-date: /rjd_projects/first_ws/install/turtlesim/lib/python3.12/site-packages/turtlesim/__init__.py
[28.900s] -- Up-to-date: /rjd_projects/first_ws/install/turtlesim/lib/python3.12/site-packages/turtlesim/turtlesim_s__rosidl_typesupport_fastrtps_c.so
[28.903s] -- Up-to-date: /rjd_projects/first_ws/install/turtlesim/lib/python3.12/site-packages/turtlesim/_turtlesim_s.ep.rosidl_typesupport_fastrtps_c.c
[28.905s] -- Up-to-date: /rjd_projects/first_ws/install/turtlesim/lib/python3.12/site-packages/turtlesim/action
[28.909s] -- Up-to-date: /rjd_projects/first_ws/install/turtlesim/lib/python3.12/site-packages/turtlesim/action/_rotate_absolute_s.c
[28.911s] -- Up-to-date: /rjd_projects/first_ws/install/turtlesim/lib/python3.12/site-packages/turtlesim/action/__init__.py
[28.914s] -- Up-to-date: /rjd_projects/first_ws/install/turtlesim/lib/python3.12/site-packages/turtlesim/action/_rotate_absolute.py
[28.916s] -- Up-to-date: /rjd_projects/first_ws/install/turtlesim/lib/python3.12/site-packages/turtlesim/turtlesim_s__rosidl_typesupport_c.so
[28.918s] -- Up-to-date: /rjd_projects/first_ws/install/turtlesim/lib/python3.12/site-packages/turtlesim/_turtlesim_s.ep.rosidl_typesupport_c.c
[28.920s] -- Up-to-date: /rjd_projects/first_ws/install/turtlesim/lib/python3.12/site-packages/turtlesim/srv
[28.923s] -- Up-to-date: /rjd_projects/first_ws/install/turtlesim/lib/python3.12/site-packages/turtlesim/srv/_spawn_s.c
[28.925s] -- Up-to-date: /rjd_projects/first_ws/install/turtlesim/lib/python3.12/site-packages/turtlesim/srv/_teleport_relative.py
[28.927s] -- Up-to-date: /rjd_projects/first_ws/install/turtlesim/lib/python3.12/site-packages/turtlesim/srv/_teleport_relative_s.c
[28.931s] -- Up-to-date: /rjd_projects/first_ws/install/turtlesim/lib/python3.12/site-packages/turtlesim/srv/_kill_s.c
[28.933s] -- Up-to-date: /rjd_projects/first_ws/install/turtlesim/lib/python3.12/site-packages/turtlesim/srv/__init__.py
[28.936s] -- Up-to-date: /rjd_projects/first_ws/install/turtlesim/lib/python3.12/site-packages/turtlesim/srv/_kill.py
[28.938s] -- Up-to-date: /rjd_projects/first_ws/install/turtlesim/lib/python3.12/site-packages/turtlesim/srv/_teleport_absolute_s.c
[28.940s] -- Up-to-date: /rjd_projects/first_ws/install/turtlesim/lib/python3.12/site-packages/turtlesim/srv/_set_pen.py
[28.942s] -- Up-to-date: /rjd_projects/first_ws/install/turtlesim/lib/python3.12/site-packages/turtlesim/srv/_spawn.py
[28.944s] -- Up-to-date: /rjd_projects/first_ws/install/turtlesim/lib/python3.12/site-packages/turtlesim/srv/_teleport_absolute.py
[28.947s] -- Up-to-date: /rjd_projects/first_ws/install/turtlesim/lib/python3.12/site-packages/turtlesim/srv/_set_pen_s.c
[29.114s] Listing '/rjd_projects/first_ws/install/turtlesim/lib/python3.12/site-packages/turtlesim'...
[29.118s] Listing '/rjd_projects/first_ws/install/turtlesim/lib/python3.12/site-packages/turtlesim/action'...
[29.120s] Listing '/rjd_projects/first_ws/install/turtlesim/lib/python3.12/site-packages/turtlesim/msg'...
[29.122s] Listing '/rjd_projects/first_ws/install/turtlesim/lib/python3.12/site-packages/turtlesim/srv'...
[29.135s] -- Up-to-date: /rjd_projects/first_ws/install/turtlesim/lib/python3.12/site-packages/turtlesim/turtlesim_s__rosidl_typesupport_fastrtps_c.so
[29.143s] -- Up-to-date: /rjd_projects/first_ws/install/turtlesim/lib/python3.12/site-packages/turtlesim/turtlesim_s__rosidl_typesupport_introspection_c.so
[29.152s] -- Up-to-date: /rjd_projects/first_ws/install/turtlesim/lib/python3.12/site-packages/turtlesim/turtlesim_s__rosidl_typesupport_c.so
[29.160s] -- Up-to-date: /rjd_projects/first_ws/install/turtlesim/lib/libturtlesim__rosidl_generator_py.so
[29.166s] -- Up-to-date: /rjd_projects/first_ws/install/turtlesim/share/turtlesim/action/RotateAbsolute.idl
[29.168s] -- Up-to-date: /rjd_projects/first_ws/install/turtlesim/share/turtlesim/msg/Color.idl
[29.171s] -- Up-to-date: /rjd_projects/first_ws/install/turtlesim/share/turtlesim/msg/Pose.idl
[29.173s] -- Up-to-date: /rjd_projects/first_ws/install/turtlesim/share/turtlesim/srv/Kill.idl
[29.175s] -- Up-to-date: /rjd_projects/first_ws/install/turtlesim/share/turtlesim/srv/SetPen.idl
[29.178s] -- Up-to-date: /rjd_projects/first_ws/install/turtlesim/share/turtlesim/srv/Spawn.idl
[29.181s] -- Up-to-date: /rjd_projects/first_ws/install/turtlesim/share/turtlesim/srv/TeleportAbsolute.idl
[29.184s] -- Up-to-date: /rjd_projects/first_ws/install/turtlesim/share/turtlesim/srv/TeleportRelative.idl
[29.186s] -- Up-to-date: /rjd_projects/first_ws/install/turtlesim/share/turtlesim/action/RotateAbsolute.action
[29.188s] -- Up-to-date: /rjd_projects/first_ws/install/turtlesim/share/turtlesim/msg/Color.msg
[29.190s] -- Up-to-date: /rjd_projects/first_ws/install/turtlesim/share/turtlesim/msg/Pose.msg
[29.193s] -- Up-to-date: /rjd_projects/first_ws/install/turtlesim/share/turtlesim/srv/Kill.srv
[29.195s] -- Up-to-date: /rjd_projects/first_ws/install/turtlesim/share/turtlesim/srv/SetPen.srv
[29.198s] -- Up-to-date: /rjd_projects/first_ws/install/turtlesim/share/turtlesim/srv/Spawn.srv
[29.200s] -- Up-to-date: /rjd_projects/first_ws/install/turtlesim/share/turtlesim/srv/TeleportAbsolute.srv
[29.202s] -- Up-to-date: /rjd_projects/first_ws/install/turtlesim/share/turtlesim/srv/TeleportRelative.srv
[29.208s] -- Installing: /rjd_projects/first_ws/install/turtlesim/lib/turtlesim/turtlesim_node
[29.628s] -- Set non-toolchain portion of runtime path of "/rjd_projects/first_ws/install/turtlesim/lib/turtlesim/turtlesim_node" to ""
[29.630s] -- Up-to-date: /rjd_projects/first_ws/install/turtlesim/lib/turtlesim/turtle_teleop_key
[29.637s] -- Up-to-date: /rjd_projects/first_ws/install/turtlesim/lib/turtlesim/draw_square
[29.645s] -- Up-to-date: /rjd_projects/first_ws/install/turtlesim/lib/turtlesim/mimic
[29.651s] -- Up-to-date: /rjd_projects/first_ws/install/turtlesim/share/turtlesim/images
[29.656s] -- Up-to-date: /rjd_projects/first_ws/install/turtlesim/share/turtlesim/images/dashing.png
[29.659s] -- Up-to-date: /rjd_projects/first_ws/install/turtlesim/share/turtlesim/images/galactic.png
[29.662s] -- Up-to-date: /rjd_projects/first_ws/install/turtlesim/share/turtlesim/images/rolling.png
[29.664s] -- Up-to-date: /rjd_projects/first_ws/install/turtlesim/share/turtlesim/images/foxy.png
[29.666s] -- Up-to-date: /rjd_projects/first_ws/install/turtlesim/share/turtlesim/images/bouncy.png
[29.669s] -- Up-to-date: /rjd_projects/first_ws/install/turtlesim/share/turtlesim/images/crystal.png
[29.672s] -- Up-to-date: /rjd_projects/first_ws/install/turtlesim/share/turtlesim/images/ardent.png
[29.674s] -- Up-to-date: /rjd_projects/first_ws/install/turtlesim/share/turtlesim/images/iron.png
[29.676s] -- Up-to-date: /rjd_projects/first_ws/install/turtlesim/share/turtlesim/images/eloquent.png
[29.679s] -- Up-to-date: /rjd_projects/first_ws/install/turtlesim/share/turtlesim/images/jazzy.png
[29.681s] -- Up-to-date: /rjd_projects/first_ws/install/turtlesim/share/turtlesim/images/humble.png
[29.684s] -- Up-to-date: /rjd_projects/first_ws/install/turtlesim/share/turtlesim/launch
[29.688s] -- Up-to-date: /rjd_projects/first_ws/install/turtlesim/share/turtlesim/launch/multisim.launch.py
[29.692s] -- Up-to-date: /rjd_projects/first_ws/install/turtlesim/share/ament_index/resource_index/package_run_dependencies/turtlesim
[29.694s] -- Up-to-date: /rjd_projects/first_ws/install/turtlesim/share/ament_index/resource_index/parent_prefix_path/turtlesim
[29.697s] -- Up-to-date: /rjd_projects/first_ws/install/turtlesim/share/turtlesim/environment/ament_prefix_path.sh
[29.699s] -- Up-to-date: /rjd_projects/first_ws/install/turtlesim/share/turtlesim/environment/ament_prefix_path.dsv
[29.701s] -- Up-to-date: /rjd_projects/first_ws/install/turtlesim/share/turtlesim/environment/path.sh
[29.703s] -- Up-to-date: /rjd_projects/first_ws/install/turtlesim/share/turtlesim/environment/path.dsv
[29.706s] -- Up-to-date: /rjd_projects/first_ws/install/turtlesim/share/turtlesim/local_setup.bash
[29.708s] -- Up-to-date: /rjd_projects/first_ws/install/turtlesim/share/turtlesim/local_setup.sh
[29.710s] -- Up-to-date: /rjd_projects/first_ws/install/turtlesim/share/turtlesim/local_setup.zsh
[29.712s] -- Up-to-date: /rjd_projects/first_ws/install/turtlesim/share/turtlesim/local_setup.dsv
[29.714s] -- Installing: /rjd_projects/first_ws/install/turtlesim/share/turtlesim/package.dsv
[29.726s] -- Up-to-date: /rjd_projects/first_ws/install/turtlesim/share/ament_index/resource_index/packages/turtlesim
[29.733s] -- Up-to-date: /rjd_projects/first_ws/install/turtlesim/share/turtlesim/cmake/export_turtlesim__rosidl_generator_cExport.cmake
[29.736s] -- Up-to-date: /rjd_projects/first_ws/install/turtlesim/share/turtlesim/cmake/export_turtlesim__rosidl_generator_cExport-noconfig.cmake
[29.741s] -- Up-to-date: /rjd_projects/first_ws/install/turtlesim/share/turtlesim/cmake/export_turtlesim__rosidl_typesupport_fastrtps_cExport.cmake
[29.743s] -- Up-to-date: /rjd_projects/first_ws/install/turtlesim/share/turtlesim/cmake/export_turtlesim__rosidl_typesupport_fastrtps_cExport-noconfig.cmake
[29.748s] -- Up-to-date: /rjd_projects/first_ws/install/turtlesim/share/turtlesim/cmake/export_turtlesim__rosidl_generator_cppExport.cmake
[29.752s] -- Up-to-date: /rjd_projects/first_ws/install/turtlesim/share/turtlesim/cmake/export_turtlesim__rosidl_typesupport_fastrtps_cppExport.cmake
[29.756s] -- Up-to-date: /rjd_projects/first_ws/install/turtlesim/share/turtlesim/cmake/export_turtlesim__rosidl_typesupport_fastrtps_cppExport-noconfig.cmake
[29.760s] -- Up-to-date: /rjd_projects/first_ws/install/turtlesim/share/turtlesim/cmake/turtlesim__rosidl_typesupport_introspection_cExport.cmake
[29.762s] -- Up-to-date: /rjd_projects/first_ws/install/turtlesim/share/turtlesim/cmake/turtlesim__rosidl_typesupport_introspection_cExport-noconfig.cmake
[29.764s] -- Up-to-date: /rjd_projects/first_ws/install/turtlesim/share/turtlesim/cmake/turtlesim__rosidl_typesupport_cExport.cmake
[29.767s] -- Up-to-date: /rjd_projects/first_ws/install/turtlesim/share/turtlesim/cmake/turtlesim__rosidl_typesupport_cExport-noconfig.cmake
[29.770s] -- Up-to-date: /rjd_projects/first_ws/install/turtlesim/share/turtlesim/cmake/turtlesim__rosidl_typesupport_introspection_cppExport.cmake
[29.772s] -- Up-to-date: /rjd_projects/first_ws/install/turtlesim/share/turtlesim/cmake/turtlesim__rosidl_typesupport_introspection_cppExport-noconfig.cmake
[29.774s] -- Up-to-date: /rjd_projects/first_ws/install/turtlesim/share/turtlesim/cmake/turtlesim__rosidl_typesupport_cppExport.cmake
[29.776s] -- Up-to-date: /rjd_projects/first_ws/install/turtlesim/share/turtlesim/cmake/turtlesim__rosidl_typesupport_cppExport-noconfig.cmake
[29.780s] -- Up-to-date: /rjd_projects/first_ws/install/turtlesim/share/turtlesim/cmake/export_turtlesim__rosidl_generator_pyExport.cmake
[29.781s] -- Up-to-date: /rjd_projects/first_ws/install/turtlesim/share/turtlesim/cmake/export_turtlesim__rosidl_generator_pyExport-noconfig.cmake
[29.782s] -- Up-to-date: /rjd_projects/first_ws/install/turtlesim/share/turtlesim/cmake/rosidl_cmake-extras.cmake
[29.783s] -- Up-to-date: /rjd_projects/first_ws/install/turtlesim/share/turtlesim/cmake/ament_cmake_export_dependencies-extras.cmake
[29.784s] -- Up-to-date: /rjd_projects/first_ws/install/turtlesim/share/turtlesim/cmake/ament_cmake_export_include_directories-extras.cmake
[29.786s] -- Up-to-date: /rjd_projects/first_ws/install/turtlesim/share/turtlesim/cmake/ament_cmake_export_libraries-extras.cmake
[29.787s] -- Up-to-date: /rjd_projects/first_ws/install/turtlesim/share/turtlesim/cmake/ament_cmake_export_targets-extras.cmake
[29.788s] -- Up-to-date: /rjd_projects/first_ws/install/turtlesim/share/turtlesim/cmake/rosidl_cmake_export_typesupport_targets-extras.cmake
[29.790s] -- Up-to-date: /rjd_projects/first_ws/install/turtlesim/share/turtlesim/cmake/rosidl_cmake_export_typesupport_libraries-extras.cmake
[29.792s] -- Up-to-date: /rjd_projects/first_ws/install/turtlesim/share/turtlesim/cmake/turtlesimConfig.cmake
[29.793s] -- Up-to-date: /rjd_projects/first_ws/install/turtlesim/share/turtlesim/cmake/turtlesimConfig-version.cmake
[29.795s] -- Up-to-date: /rjd_projects/first_ws/install/turtlesim/share/turtlesim/package.xml
[29.803s] Invoked command in '/rjd_projects/first_ws/build/turtlesim' returned '0': CMAKE_PREFIX_PATH=${CMAKE_PREFIX_PATH}:/opt/ros/jazzy /usr/bin/cmake --install /rjd_projects/first_ws/build/turtlesim
