[5.822s] Invoking command in '/rjd_projects/colcon_practice1/build/examples_rclpy_guard_conditions': PYTHONPATH=/rjd_projects/colcon_practice1/build/examples_rclpy_guard_conditions/prefix_override:/usr/lib/python3/dist-packages/colcon_core/task/python/colcon_distutils_commands:/rjd_projects/colcon_practice1/install/examples_rclpy_guard_conditions/lib/python3.12/site-packages:${PYTHONPATH} /usr/bin/python3 -W ignore:setup.py install is deprecated setup.py develop --editable --build-directory /rjd_projects/colcon_practice1/build/examples_rclpy_guard_conditions/build --no-deps symlink_data
[10.924s] running develop
[10.926s] running egg_info
[10.929s] creating examples_rclpy_guard_conditions.egg-info
[10.931s] writing examples_rclpy_guard_conditions.egg-info/PKG-INFO
[10.933s] writing dependency_links to examples_rclpy_guard_conditions.egg-info/dependency_links.txt
[10.935s] writing entry points to examples_rclpy_guard_conditions.egg-info/entry_points.txt
[10.936s] writing requirements to examples_rclpy_guard_conditions.egg-info/requires.txt
[10.938s] writing top-level names to examples_rclpy_guard_conditions.egg-info/top_level.txt
[10.941s] writing manifest file 'examples_rclpy_guard_conditions.egg-info/SOURCES.txt'
[10.943s] reading manifest file 'examples_rclpy_guard_conditions.egg-info/SOURCES.txt'
[10.945s] writing manifest file 'examples_rclpy_guard_conditions.egg-info/SOURCES.txt'
[10.948s] running build_ext
[10.952s] Creating /rjd_projects/colcon_practice1/install/examples_rclpy_guard_conditions/lib/python3.12/site-packages/examples-rclpy-guard-conditions.egg-link (link to .)
[10.954s] Installing trigger_guard_condition script to /rjd_projects/colcon_practice1/install/examples_rclpy_guard_conditions/lib/examples_rclpy_guard_conditions
[10.956s] 
[10.959s] Installed /rjd_projects/colcon_practice1/build/examples_rclpy_guard_conditions
[10.961s] running symlink_data
[10.962s] creating /rjd_projects/colcon_practice1/install/examples_rclpy_guard_conditions/share/ament_index
[10.964s] creating /rjd_projects/colcon_practice1/install/examples_rclpy_guard_conditions/share/ament_index/resource_index
[10.966s] creating /rjd_projects/colcon_practice1/install/examples_rclpy_guard_conditions/share/ament_index/resource_index/packages
[10.967s] symbolically linking /rjd_projects/colcon_practice1/build/examples_rclpy_guard_conditions/resource/examples_rclpy_guard_conditions -> /rjd_projects/colcon_practice1/install/examples_rclpy_guard_conditions/share/ament_index/resource_index/packages
[10.969s] symbolically linking /rjd_projects/colcon_practice1/build/examples_rclpy_guard_conditions/package.xml -> /rjd_projects/colcon_practice1/install/examples_rclpy_guard_conditions/share/examples_rclpy_guard_conditions
[10.971s] /usr/lib/python3/dist-packages/setuptools/command/develop.py:40: EasyInstallDeprecationWarning: easy_install command is deprecated.
[10.972s] !!
[10.974s] 
[10.976s]         ********************************************************************************
[10.977s]         Please avoid running ``setup.py`` and ``easy_install``.
[10.979s]         Instead, use pypa/build, pypa/installer or other
[10.981s]         standards-based tools.
[10.982s] 
[10.983s]         See https://github.com/pypa/setuptools/issues/917 for details.
[10.985s]         ********************************************************************************
[10.987s] 
[10.989s] !!
[10.991s]   easy_install.initialize_options(self)
[11.049s] Invoked command in '/rjd_projects/colcon_practice1/build/examples_rclpy_guard_conditions' returned '0': PYTHONPATH=/rjd_projects/colcon_practice1/build/examples_rclpy_guard_conditions/prefix_override:/usr/lib/python3/dist-packages/colcon_core/task/python/colcon_distutils_commands:/rjd_projects/colcon_practice1/install/examples_rclpy_guard_conditions/lib/python3.12/site-packages:${PYTHONPATH} /usr/bin/python3 -W ignore:setup.py install is deprecated setup.py develop --editable --build-directory /rjd_projects/colcon_practice1/build/examples_rclpy_guard_conditions/build --no-deps symlink_data
