[5.775s] Invoking command in '/rjd_projects/colcon_practice1/build/examples_rclpy_minimal_action_client': PYTHONPATH=/rjd_projects/colcon_practice1/build/examples_rclpy_minimal_action_client/prefix_override:/usr/lib/python3/dist-packages/colcon_core/task/python/colcon_distutils_commands:/rjd_projects/colcon_practice1/install/examples_rclpy_minimal_action_client/lib/python3.12/site-packages:${PYTHONPATH} /usr/bin/python3 -W ignore:setup.py install is deprecated setup.py develop --editable --build-directory /rjd_projects/colcon_practice1/build/examples_rclpy_minimal_action_client/build --no-deps symlink_data
[10.663s] running develop
[10.665s] running egg_info
[10.667s] creating examples_rclpy_minimal_action_client.egg-info
[10.669s] writing examples_rclpy_minimal_action_client.egg-info/PKG-INFO
[10.671s] writing dependency_links to examples_rclpy_minimal_action_client.egg-info/dependency_links.txt
[10.673s] writing entry points to examples_rclpy_minimal_action_client.egg-info/entry_points.txt
[10.675s] writing requirements to examples_rclpy_minimal_action_client.egg-info/requires.txt
[10.677s] writing top-level names to examples_rclpy_minimal_action_client.egg-info/top_level.txt
[10.680s] writing manifest file 'examples_rclpy_minimal_action_client.egg-info/SOURCES.txt'
[10.683s] reading manifest file 'examples_rclpy_minimal_action_client.egg-info/SOURCES.txt'
[10.685s] writing manifest file 'examples_rclpy_minimal_action_client.egg-info/SOURCES.txt'
[10.688s] running build_ext
[10.691s] Creating /rjd_projects/colcon_practice1/install/examples_rclpy_minimal_action_client/lib/python3.12/site-packages/examples-rclpy-minimal-action-client.egg-link (link to .)
[10.693s] Installing client script to /rjd_projects/colcon_practice1/install/examples_rclpy_minimal_action_client/lib/examples_rclpy_minimal_action_client
[10.695s] Installing client_asyncio script to /rjd_projects/colcon_practice1/install/examples_rclpy_minimal_action_client/lib/examples_rclpy_minimal_action_client
[10.697s] Installing client_cancel script to /rjd_projects/colcon_practice1/install/examples_rclpy_minimal_action_client/lib/examples_rclpy_minimal_action_client
[10.700s] Installing client_not_composable script to /rjd_projects/colcon_practice1/install/examples_rclpy_minimal_action_client/lib/examples_rclpy_minimal_action_client
[10.702s] 
[10.704s] Installed /rjd_projects/colcon_practice1/build/examples_rclpy_minimal_action_client
[10.706s] running symlink_data
[10.707s] creating /rjd_projects/colcon_practice1/install/examples_rclpy_minimal_action_client/share/ament_index
[10.709s] creating /rjd_projects/colcon_practice1/install/examples_rclpy_minimal_action_client/share/ament_index/resource_index
[10.711s] creating /rjd_projects/colcon_practice1/install/examples_rclpy_minimal_action_client/share/ament_index/resource_index/packages
[10.714s] symbolically linking /rjd_projects/colcon_practice1/build/examples_rclpy_minimal_action_client/resource/examples_rclpy_minimal_action_client -> /rjd_projects/colcon_practice1/install/examples_rclpy_minimal_action_client/share/ament_index/resource_index/packages
[10.716s] symbolically linking /rjd_projects/colcon_practice1/build/examples_rclpy_minimal_action_client/package.xml -> /rjd_projects/colcon_practice1/install/examples_rclpy_minimal_action_client/share/examples_rclpy_minimal_action_client
[10.720s] /usr/lib/python3/dist-packages/setuptools/command/develop.py:40: EasyInstallDeprecationWarning: easy_install command is deprecated.
[10.722s] !!
[10.723s] 
[10.725s]         ********************************************************************************
[10.727s]         Please avoid running ``setup.py`` and ``easy_install``.
[10.732s]         Instead, use pypa/build, pypa/installer or other
[10.734s]         standards-based tools.
[10.737s] 
[10.739s]         See https://github.com/pypa/setuptools/issues/917 for details.
[10.740s]         ********************************************************************************
[10.742s] 
[10.744s] !!
[10.746s]   easy_install.initialize_options(self)
[10.794s] Invoked command in '/rjd_projects/colcon_practice1/build/examples_rclpy_minimal_action_client' returned '0': PYTHONPATH=/rjd_projects/colcon_practice1/build/examples_rclpy_minimal_action_client/prefix_override:/usr/lib/python3/dist-packages/colcon_core/task/python/colcon_distutils_commands:/rjd_projects/colcon_practice1/install/examples_rclpy_minimal_action_client/lib/python3.12/site-packages:${PYTHONPATH} /usr/bin/python3 -W ignore:setup.py install is deprecated setup.py develop --editable --build-directory /rjd_projects/colcon_practice1/build/examples_rclpy_minimal_action_client/build --no-deps symlink_data
