[0.127s] Invoking command in '/rjd_projects/colcon_practice1/build/examples_rclcpp_async_client': CMAKE_PREFIX_PATH=${CMAKE_PREFIX_PATH}:/opt/ros/jazzy /usr/bin/cmake /rjd_projects/colcon_practice1/src/examples/rclcpp/services/async_client -DAMENT_CMAKE_SYMLINK_INSTALL=1 -DCMAKE_INSTALL_PREFIX=/rjd_projects/colcon_practice1/install/examples_rclcpp_async_client
[0.593s] -- The C compiler identification is GNU 13.2.0
[0.928s] -- The CXX compiler identification is GNU 13.2.0
[1.022s] -- Detecting C compiler ABI info
[1.764s] -- Detecting C compiler ABI info - done
[1.891s] -- Check for working C compiler: /usr/bin/cc - skipped
[1.893s] -- Detecting C compile features
[1.896s] -- Detecting C compile features - done
[1.950s] -- Detecting CXX compiler ABI info
[2.749s] -- Detecting CXX compiler ABI info - done
[2.886s] -- Check for working CXX compiler: /usr/bin/c++ - skipped
[2.893s] -- Detecting CXX compile features
[2.897s] -- Detecting CXX compile features - done
[2.944s] -- Found ament_cmake: 2.5.2 (/opt/ros/jazzy/share/ament_cmake/cmake)
[3.427s] -- Found Python3: /usr/bin/python3 (found version "3.12.3") found components: Interpreter 
[3.811s] -- Override CMake install command with custom implementation using symlinks instead of copying resources
[4.417s] -- Found example_interfaces: 0.12.0 (/opt/ros/jazzy/share/example_interfaces/cmake)
[4.789s] -- Found rosidl_generator_c: 4.6.4 (/opt/ros/jazzy/share/rosidl_generator_c/cmake)
[4.912s] -- Found rosidl_generator_cpp: 4.6.4 (/opt/ros/jazzy/share/rosidl_generator_cpp/cmake)
[5.058s] -- Using all available rosidl_typesupport_c: rosidl_typesupport_fastrtps_c;rosidl_typesupport_introspection_c
[5.195s] -- Using all available rosidl_typesupport_cpp: rosidl_typesupport_fastrtps_cpp;rosidl_typesupport_introspection_cpp
[5.560s] -- Found rclcpp: 28.1.5 (/opt/ros/jazzy/share/rclcpp/cmake)
[5.858s] -- Found rmw_implementation_cmake: 7.3.1 (/opt/ros/jazzy/share/rmw_implementation_cmake/cmake)
[5.881s] -- Found rmw_fastrtps_cpp: 8.4.1 (/opt/ros/jazzy/share/rmw_fastrtps_cpp/cmake)
[6.240s] -- Found OpenSSL: /usr/lib/x86_64-linux-gnu/libcrypto.so (found version "3.0.13")  
[6.300s] -- Found FastRTPS: /opt/ros/jazzy/include (Required is at least version "2.13") 
[6.378s] -- Using RMW implementation 'rmw_fastrtps_cpp' as default
[6.721s] -- Found ament_lint_auto: 0.17.1 (/opt/ros/jazzy/share/ament_lint_auto/cmake)
[7.497s] -- Added test 'copyright' to check source files copyright and LICENSE
[7.514s] -- Added test 'cppcheck' to perform static code analysis on C / C++ code
[7.519s] -- Configured cppcheck include dirs: 
[7.525s] -- Configured cppcheck exclude dirs and/or files: 
[7.535s] -- Added test 'cpplint' to check C / C++ code against the Google style
[7.539s] -- Configured cpplint exclude dirs and/or files: 
[7.550s] -- Added test 'lint_cmake' to check CMake code style
[7.578s] -- Added test 'uncrustify' to check C / C++ code style
[7.581s] -- Configured uncrustify additional arguments: 
[7.587s] -- Added test 'xmllint' to check XML markup files
[7.684s] -- Configuring done (7.5s)
[8.061s] -- Generating done (0.3s)
[8.134s] -- Build files have been written to: /rjd_projects/colcon_practice1/build/examples_rclcpp_async_client
[8.308s] Invoked command in '/rjd_projects/colcon_practice1/build/examples_rclcpp_async_client' returned '0': CMAKE_PREFIX_PATH=${CMAKE_PREFIX_PATH}:/opt/ros/jazzy /usr/bin/cmake /rjd_projects/colcon_practice1/src/examples/rclcpp/services/async_client -DAMENT_CMAKE_SYMLINK_INSTALL=1 -DCMAKE_INSTALL_PREFIX=/rjd_projects/colcon_practice1/install/examples_rclcpp_async_client
[8.321s] Invoking command in '/rjd_projects/colcon_practice1/build/examples_rclcpp_async_client': CMAKE_PREFIX_PATH=${CMAKE_PREFIX_PATH}:/opt/ros/jazzy /usr/bin/cmake --build /rjd_projects/colcon_practice1/build/examples_rclcpp_async_client -- -j8 -l8
[8.803s] [ 50%] [32mBuilding CXX object CMakeFiles/client_main.dir/main.cpp.o[0m
[75.964s] [100%] [32m[1mLinking CXX executable client_main[0m
[81.279s] [100%] Built target client_main
[81.457s] Invoked command in '/rjd_projects/colcon_practice1/build/examples_rclcpp_async_client' returned '0': CMAKE_PREFIX_PATH=${CMAKE_PREFIX_PATH}:/opt/ros/jazzy /usr/bin/cmake --build /rjd_projects/colcon_practice1/build/examples_rclcpp_async_client -- -j8 -l8
[81.740s] Invoking command in '/rjd_projects/colcon_practice1/build/examples_rclcpp_async_client': CMAKE_PREFIX_PATH=${CMAKE_PREFIX_PATH}:/opt/ros/jazzy /usr/bin/cmake --install /rjd_projects/colcon_practice1/build/examples_rclcpp_async_client
[82.129s] -- Install configuration: ""
[82.140s] -- Execute custom install script
[82.199s] -- Symlinking: /rjd_projects/colcon_practice1/install/examples_rclcpp_async_client/lib/examples_rclcpp_async_client/client_main
[82.220s] -- Symlinking: /rjd_projects/colcon_practice1/install/examples_rclcpp_async_client/share/ament_index/resource_index/package_run_dependencies/examples_rclcpp_async_client
[82.230s] -- Symlinking: /rjd_projects/colcon_practice1/install/examples_rclcpp_async_client/share/ament_index/resource_index/parent_prefix_path/examples_rclcpp_async_client
[82.235s] -- Symlinking: /rjd_projects/colcon_practice1/install/examples_rclcpp_async_client/share/examples_rclcpp_async_client/environment/ament_prefix_path.sh
[82.323s] -- Symlinking: /rjd_projects/colcon_practice1/install/examples_rclcpp_async_client/share/examples_rclcpp_async_client/environment/ament_prefix_path.dsv
[82.456s] -- Symlinking: /rjd_projects/colcon_practice1/install/examples_rclcpp_async_client/share/examples_rclcpp_async_client/environment/path.sh
[82.554s] -- Symlinking: /rjd_projects/colcon_practice1/install/examples_rclcpp_async_client/share/examples_rclcpp_async_client/environment/path.dsv
[82.659s] -- Symlinking: /rjd_projects/colcon_practice1/install/examples_rclcpp_async_client/share/examples_rclcpp_async_client/local_setup.bash
[82.792s] -- Symlinking: /rjd_projects/colcon_practice1/install/examples_rclcpp_async_client/share/examples_rclcpp_async_client/local_setup.sh
[82.840s] -- Symlinking: /rjd_projects/colcon_practice1/install/examples_rclcpp_async_client/share/examples_rclcpp_async_client/local_setup.zsh
[82.913s] -- Symlinking: /rjd_projects/colcon_practice1/install/examples_rclcpp_async_client/share/examples_rclcpp_async_client/local_setup.dsv
[83.005s] -- Symlinking: /rjd_projects/colcon_practice1/install/examples_rclcpp_async_client/share/examples_rclcpp_async_client/package.dsv
[83.136s] -- Symlinking: /rjd_projects/colcon_practice1/install/examples_rclcpp_async_client/share/ament_index/resource_index/packages/examples_rclcpp_async_client
[83.524s] -- Symlinking: /rjd_projects/colcon_practice1/install/examples_rclcpp_async_client/share/examples_rclcpp_async_client/cmake/examples_rclcpp_async_clientConfig.cmake
[83.573s] -- Symlinking: /rjd_projects/colcon_practice1/install/examples_rclcpp_async_client/share/examples_rclcpp_async_client/cmake/examples_rclcpp_async_clientConfig-version.cmake
[83.661s] -- Symlinking: /rjd_projects/colcon_practice1/install/examples_rclcpp_async_client/share/examples_rclcpp_async_client/package.xml
[83.953s] Invoked command in '/rjd_projects/colcon_practice1/build/examples_rclcpp_async_client' returned '0': CMAKE_PREFIX_PATH=${CMAKE_PREFIX_PATH}:/opt/ros/jazzy /usr/bin/cmake --install /rjd_projects/colcon_practice1/build/examples_rclcpp_async_client
