[0.332s] Invoking command in '/rjd_projects/colcon_practice1/build/examples_rclcpp_wait_set': CMAKE_PREFIX_PATH=${CMAKE_PREFIX_PATH}:/opt/ros/jazzy /usr/bin/cmake /rjd_projects/colcon_practice1/src/examples/rclcpp/wait_set -DAMENT_CMAKE_SYMLINK_INSTALL=1 -DCMAKE_INSTALL_PREFIX=/rjd_projects/colcon_practice1/install/examples_rclcpp_wait_set
[2.012s] -- The C compiler identification is GNU 13.2.0
[2.015s] -- The CXX compiler identification is GNU 13.2.0
[2.018s] -- Detecting C compiler ABI info
[3.277s] -- Detecting C compiler ABI info - done
[3.553s] -- Check for working C compiler: /usr/bin/cc - skipped
[3.558s] -- Detecting C compile features
[3.568s] -- Detecting C compile features - done
[3.690s] -- Detecting CXX compiler ABI info
[4.996s] -- Detecting CXX compiler ABI info - done
[5.239s] -- Check for working CXX compiler: /usr/bin/c++ - skipped
[5.245s] -- Detecting CXX compile features
[5.248s] -- Detecting CXX compile features - done
[5.338s] -- Found ament_cmake: 2.5.2 (/opt/ros/jazzy/share/ament_cmake/cmake)
[6.120s] -- Found Python3: /usr/bin/python3 (found version "3.12.3") found components: Interpreter 
[6.537s] -- Override CMake install command with custom implementation using symlinks instead of copying resources
[7.491s] -- Found example_interfaces: 0.12.0 (/opt/ros/jazzy/share/example_interfaces/cmake)
[8.207s] -- Found rosidl_generator_c: 4.6.4 (/opt/ros/jazzy/share/rosidl_generator_c/cmake)
[8.384s] -- Found rosidl_generator_cpp: 4.6.4 (/opt/ros/jazzy/share/rosidl_generator_cpp/cmake)
[8.586s] -- Using all available rosidl_typesupport_c: rosidl_typesupport_fastrtps_c;rosidl_typesupport_introspection_c
[8.837s] -- Using all available rosidl_typesupport_cpp: rosidl_typesupport_fastrtps_cpp;rosidl_typesupport_introspection_cpp
[9.623s] -- Found rclcpp: 28.1.5 (/opt/ros/jazzy/share/rclcpp/cmake)
[10.425s] -- Found rmw_implementation_cmake: 7.3.1 (/opt/ros/jazzy/share/rmw_implementation_cmake/cmake)
[10.482s] -- Found rmw_fastrtps_cpp: 8.4.1 (/opt/ros/jazzy/share/rmw_fastrtps_cpp/cmake)
[10.946s] -- Found OpenSSL: /usr/lib/x86_64-linux-gnu/libcrypto.so (found version "3.0.13")  
[11.034s] -- Found FastRTPS: /opt/ros/jazzy/include (Required is at least version "2.13") 
[11.137s] -- Using RMW implementation 'rmw_fastrtps_cpp' as default
[11.687s] -- Found rclcpp_components: 28.1.5 (/opt/ros/jazzy/share/rclcpp_components/cmake)
[11.971s] -- Found std_msgs: 5.3.5 (/opt/ros/jazzy/share/std_msgs/cmake)
[12.376s] -- Found ament_lint_auto: 0.17.1 (/opt/ros/jazzy/share/ament_lint_auto/cmake)
[13.500s] -- Added test 'copyright' to check source files copyright and LICENSE
[13.597s] -- Added test 'cppcheck' to perform static code analysis on C / C++ code
[13.603s] -- Configured cppcheck include dirs: /rjd_projects/colcon_practice1/src/examples/rclcpp/wait_set/include
[13.606s] -- Configured cppcheck exclude dirs and/or files: 
[13.670s] -- Added test 'cpplint' to check C / C++ code against the Google style
[13.675s] -- Configured cpplint exclude dirs and/or files: 
[13.706s] -- Added test 'lint_cmake' to check CMake code style
[13.783s] -- Added test 'uncrustify' to check C / C++ code style
[13.786s] -- Configured uncrustify additional arguments: 
[13.803s] -- Added test 'xmllint' to check XML markup files
[13.891s] -- Configuring done (13.5s)
[15.762s] -- Generating done (1.8s)
[15.946s] -- Build files have been written to: /rjd_projects/colcon_practice1/build/examples_rclcpp_wait_set
[16.003s] Invoked command in '/rjd_projects/colcon_practice1/build/examples_rclcpp_wait_set' returned '0': CMAKE_PREFIX_PATH=${CMAKE_PREFIX_PATH}:/opt/ros/jazzy /usr/bin/cmake /rjd_projects/colcon_practice1/src/examples/rclcpp/wait_set -DAMENT_CMAKE_SYMLINK_INSTALL=1 -DCMAKE_INSTALL_PREFIX=/rjd_projects/colcon_practice1/install/examples_rclcpp_wait_set
[16.014s] Invoking command in '/rjd_projects/colcon_practice1/build/examples_rclcpp_wait_set': CMAKE_PREFIX_PATH=${CMAKE_PREFIX_PATH}:/opt/ros/jazzy /usr/bin/cmake --build /rjd_projects/colcon_practice1/build/examples_rclcpp_wait_set -- -j8 -l8
[16.338s] [  4%] [32mBuilding CXX object CMakeFiles/talker.dir/src/talker.cpp.o[0m
[34.669s] [  8%] [32m[1mLinking CXX shared library libtalker.so[0m
[37.053s] [  8%] Built target talker
[37.175s] [ 12%] [32mBuilding CXX object CMakeFiles/wait_set_topics_and_timer.dir/src/wait_set_topics_and_timer.cpp.o[0m
[58.505s] [ 16%] [32m[1mLinking CXX executable wait_set_topics_and_timer[0m
[60.303s] [ 16%] Built target wait_set_topics_and_timer
[60.364s] [ 20%] [32mBuilding CXX object CMakeFiles/wait_set_random_order.dir/src/wait_set_random_order.cpp.o[0m
[81.739s] [ 25%] [32mBuilding CXX object CMakeFiles/executor_random_order.dir/src/executor_random_order.cpp.o[0m
[82.791s] [ 29%] [32mBuilding CXX object CMakeFiles/thread_safe_wait_set.dir/src/thread_safe_wait_set.cpp.o[0m
[84.783s] [ 33%] [32mBuilding CXX object CMakeFiles/static_wait_set.dir/src/static_wait_set.cpp.o[0m
[85.191s] [ 37%] [32mBuilding CXX object CMakeFiles/wait_set.dir/src/wait_set.cpp.o[0m
[129.254s] [ 41%] [32m[1mLinking CXX executable wait_set_random_order[0m
[138.268s] [ 41%] Built target wait_set_random_order
[143.483s] [ 45%] [32m[1mLinking CXX executable executor_random_order[0m
[147.544s] [ 50%] [32m[1mLinking CXX executable static_wait_set[0m
[149.147s] [ 54%] [32m[1mLinking CXX executable wait_set[0m
[149.748s] [ 58%] [32m[1mLinking CXX executable thread_safe_wait_set[0m
[150.370s] [ 58%] Built target executor_random_order
[154.003s] [ 58%] Built target static_wait_set
[155.860s] [ 58%] Built target wait_set
[155.959s] [ 62%] [32mBuilding CXX object CMakeFiles/wait_set_topics_with_different_rates.dir/src/wait_set_topics_with_different_rates.cpp.o[0m
[156.244s] [ 62%] Built target thread_safe_wait_set
[156.371s] [ 66%] [32mBuilding CXX object CMakeFiles/wait_set_listener.dir/rclcpp_components/node_main_wait_set_listener.cpp.o[0m
[169.317s] [ 70%] [32m[1mLinking CXX executable wait_set_listener[0m
[170.148s] [ 70%] Built target wait_set_listener
[170.299s] [ 79%] [32mBuilding CXX object CMakeFiles/listener.dir/src/listener.cpp.o[0m
[170.302s] [ 79%] [32mBuilding CXX object CMakeFiles/wait_set_talker.dir/rclcpp_components/node_main_wait_set_talker.cpp.o[0m
[184.734s] [ 83%] [32m[1mLinking CXX executable wait_set_talker[0m
[185.348s] [ 83%] Built target wait_set_talker
[189.779s] [ 87%] [32m[1mLinking CXX executable wait_set_topics_with_different_rates[0m
[192.743s] [ 87%] Built target wait_set_topics_with_different_rates
[198.444s] [ 91%] [32m[1mLinking CXX shared library liblistener.so[0m
[200.977s] [ 91%] Built target listener
[201.093s] [ 95%] [32mBuilding CXX object CMakeFiles/wait_set_composed.dir/src/wait_set_composed.cpp.o[0m
[207.171s] [100%] [32m[1mLinking CXX executable wait_set_composed[0m
[207.688s] [100%] Built target wait_set_composed
[207.774s] Invoked command in '/rjd_projects/colcon_practice1/build/examples_rclcpp_wait_set' returned '0': CMAKE_PREFIX_PATH=${CMAKE_PREFIX_PATH}:/opt/ros/jazzy /usr/bin/cmake --build /rjd_projects/colcon_practice1/build/examples_rclcpp_wait_set -- -j8 -l8
[207.974s] Invoking command in '/rjd_projects/colcon_practice1/build/examples_rclcpp_wait_set': CMAKE_PREFIX_PATH=${CMAKE_PREFIX_PATH}:/opt/ros/jazzy /usr/bin/cmake --install /rjd_projects/colcon_practice1/build/examples_rclcpp_wait_set
[207.997s] -- Install configuration: ""
[208.003s] -- Execute custom install script
[208.018s] -- Symlinking: /rjd_projects/colcon_practice1/install/examples_rclcpp_wait_set/lib/examples_rclcpp_wait_set/wait_set_talker
[208.059s] -- Symlinking: /rjd_projects/colcon_practice1/install/examples_rclcpp_wait_set/lib/examples_rclcpp_wait_set/wait_set_listener
[208.090s] -- Symlinking: /rjd_projects/colcon_practice1/install/examples_rclcpp_wait_set/lib/libtalker.so
[208.117s] -- Symlinking: /rjd_projects/colcon_practice1/install/examples_rclcpp_wait_set/lib/liblistener.so
[208.149s] -- Symlinking: /rjd_projects/colcon_practice1/install/examples_rclcpp_wait_set/lib/examples_rclcpp_wait_set/wait_set
[208.172s] -- Symlinking: /rjd_projects/colcon_practice1/install/examples_rclcpp_wait_set/lib/examples_rclcpp_wait_set/static_wait_set
[208.194s] -- Symlinking: /rjd_projects/colcon_practice1/install/examples_rclcpp_wait_set/lib/examples_rclcpp_wait_set/thread_safe_wait_set
[208.216s] -- Symlinking: /rjd_projects/colcon_practice1/install/examples_rclcpp_wait_set/lib/examples_rclcpp_wait_set/wait_set_topics_and_timer
[208.239s] -- Symlinking: /rjd_projects/colcon_practice1/install/examples_rclcpp_wait_set/lib/examples_rclcpp_wait_set/wait_set_random_order
[208.261s] -- Symlinking: /rjd_projects/colcon_practice1/install/examples_rclcpp_wait_set/lib/examples_rclcpp_wait_set/executor_random_order
[208.282s] -- Symlinking: /rjd_projects/colcon_practice1/install/examples_rclcpp_wait_set/lib/examples_rclcpp_wait_set/wait_set_topics_with_different_rates
[208.301s] -- Symlinking: /rjd_projects/colcon_practice1/install/examples_rclcpp_wait_set/lib/examples_rclcpp_wait_set/wait_set_composed
[208.327s] -- Symlinking: /rjd_projects/colcon_practice1/install/examples_rclcpp_wait_set/share/ament_index/resource_index/package_run_dependencies/examples_rclcpp_wait_set
[208.354s] -- Symlinking: /rjd_projects/colcon_practice1/install/examples_rclcpp_wait_set/share/ament_index/resource_index/parent_prefix_path/examples_rclcpp_wait_set
[208.383s] -- Symlinking: /rjd_projects/colcon_practice1/install/examples_rclcpp_wait_set/share/examples_rclcpp_wait_set/environment/ament_prefix_path.sh
[208.411s] -- Symlinking: /rjd_projects/colcon_practice1/install/examples_rclcpp_wait_set/share/examples_rclcpp_wait_set/environment/ament_prefix_path.dsv
[208.446s] -- Symlinking: /rjd_projects/colcon_practice1/install/examples_rclcpp_wait_set/share/examples_rclcpp_wait_set/environment/path.sh
[208.468s] -- Symlinking: /rjd_projects/colcon_practice1/install/examples_rclcpp_wait_set/share/examples_rclcpp_wait_set/environment/path.dsv
[208.497s] -- Symlinking: /rjd_projects/colcon_practice1/install/examples_rclcpp_wait_set/share/examples_rclcpp_wait_set/local_setup.bash
[208.518s] -- Symlinking: /rjd_projects/colcon_practice1/install/examples_rclcpp_wait_set/share/examples_rclcpp_wait_set/local_setup.sh
[208.539s] -- Symlinking: /rjd_projects/colcon_practice1/install/examples_rclcpp_wait_set/share/examples_rclcpp_wait_set/local_setup.zsh
[208.559s] -- Symlinking: /rjd_projects/colcon_practice1/install/examples_rclcpp_wait_set/share/examples_rclcpp_wait_set/local_setup.dsv
[208.579s] -- Symlinking: /rjd_projects/colcon_practice1/install/examples_rclcpp_wait_set/share/examples_rclcpp_wait_set/package.dsv
[208.602s] -- Symlinking: /rjd_projects/colcon_practice1/install/examples_rclcpp_wait_set/share/ament_index/resource_index/packages/examples_rclcpp_wait_set
[208.624s] -- Symlinking: /rjd_projects/colcon_practice1/install/examples_rclcpp_wait_set/share/ament_index/resource_index/rclcpp_components/examples_rclcpp_wait_set
[208.646s] -- Symlinking: /rjd_projects/colcon_practice1/install/examples_rclcpp_wait_set/share/examples_rclcpp_wait_set/cmake/examples_rclcpp_wait_setConfig.cmake
[208.666s] -- Symlinking: /rjd_projects/colcon_practice1/install/examples_rclcpp_wait_set/share/examples_rclcpp_wait_set/cmake/examples_rclcpp_wait_setConfig-version.cmake
[208.685s] -- Symlinking: /rjd_projects/colcon_practice1/install/examples_rclcpp_wait_set/share/examples_rclcpp_wait_set/package.xml
[208.706s] Invoked command in '/rjd_projects/colcon_practice1/build/examples_rclcpp_wait_set' returned '0': CMAKE_PREFIX_PATH=${CMAKE_PREFIX_PATH}:/opt/ros/jazzy /usr/bin/cmake --install /rjd_projects/colcon_practice1/build/examples_rclcpp_wait_set
