[0.500s] Invoking command in '/rjd_projects/colcon_practice1/build/examples_rclcpp_multithreaded_executor': CMAKE_PREFIX_PATH=${CMAKE_PREFIX_PATH}:/opt/ros/jazzy /usr/bin/cmake /rjd_projects/colcon_practice1/src/examples/rclcpp/executors/multithreaded_executor -DAMENT_CMAKE_SYMLINK_INSTALL=1 -DCMAKE_INSTALL_PREFIX=/rjd_projects/colcon_practice1/install/examples_rclcpp_multithreaded_executor
[1.198s] -- The C compiler identification is GNU 13.2.0
[1.676s] -- The CXX compiler identification is GNU 13.2.0
[1.771s] -- Detecting C compiler ABI info
[2.983s] -- Detecting C compiler ABI info - done
[3.206s] -- Check for working C compiler: /usr/bin/cc - skipped
[3.210s] -- Detecting C compile features
[3.214s] -- Detecting C compile features - done
[3.379s] -- Detecting CXX compiler ABI info
[5.332s] -- Detecting CXX compiler ABI info - done
[5.638s] -- Check for working CXX compiler: /usr/bin/c++ - skipped
[5.643s] -- Detecting CXX compile features
[5.647s] -- Detecting CXX compile features - done
[5.744s] -- Found ament_cmake: 2.5.2 (/opt/ros/jazzy/share/ament_cmake/cmake)
[6.563s] -- Found Python3: /usr/bin/python3 (found version "3.12.3") found components: Interpreter 
[7.116s] -- Override CMake install command with custom implementation using symlinks instead of copying resources
[8.048s] -- Found rclcpp: 28.1.5 (/opt/ros/jazzy/share/rclcpp/cmake)
[8.713s] -- Found rosidl_generator_c: 4.6.4 (/opt/ros/jazzy/share/rosidl_generator_c/cmake)
[8.942s] -- Found rosidl_generator_cpp: 4.6.4 (/opt/ros/jazzy/share/rosidl_generator_cpp/cmake)
[9.168s] -- Using all available rosidl_typesupport_c: rosidl_typesupport_fastrtps_c;rosidl_typesupport_introspection_c
[9.423s] -- Using all available rosidl_typesupport_cpp: rosidl_typesupport_fastrtps_cpp;rosidl_typesupport_introspection_cpp
[10.268s] -- Found rmw_implementation_cmake: 7.3.1 (/opt/ros/jazzy/share/rmw_implementation_cmake/cmake)
[10.340s] -- Found rmw_fastrtps_cpp: 8.4.1 (/opt/ros/jazzy/share/rmw_fastrtps_cpp/cmake)
[11.269s] -- Found OpenSSL: /usr/lib/x86_64-linux-gnu/libcrypto.so (found version "3.0.13")  
[11.461s] -- Found FastRTPS: /opt/ros/jazzy/include (Required is at least version "2.13") 
[11.654s] -- Using RMW implementation 'rmw_fastrtps_cpp' as default
[12.160s] -- Found std_msgs: 5.3.5 (/opt/ros/jazzy/share/std_msgs/cmake)
[12.279s] -- Found ament_lint_auto: 0.17.1 (/opt/ros/jazzy/share/ament_lint_auto/cmake)
[13.597s] -- Added test 'copyright' to check source files copyright and LICENSE
[13.601s] -- Added test 'cppcheck' to perform static code analysis on C / C++ code
[13.605s] -- Configured cppcheck include dirs: 
[13.611s] -- Configured cppcheck exclude dirs and/or files: 
[13.617s] -- Added test 'cpplint' to check C / C++ code against the Google style
[13.620s] -- Configured cpplint exclude dirs and/or files: 
[13.624s] -- Added test 'lint_cmake' to check CMake code style
[13.628s] -- Added test 'uncrustify' to check C / C++ code style
[13.631s] -- Configured uncrustify additional arguments: 
[13.634s] -- Added test 'xmllint' to check XML markup files
[13.662s] -- Configuring done (13.0s)
[14.133s] -- Generating done (0.4s)
[14.230s] -- Build files have been written to: /rjd_projects/colcon_practice1/build/examples_rclcpp_multithreaded_executor
[15.657s] Invoked command in '/rjd_projects/colcon_practice1/build/examples_rclcpp_multithreaded_executor' returned '0': CMAKE_PREFIX_PATH=${CMAKE_PREFIX_PATH}:/opt/ros/jazzy /usr/bin/cmake /rjd_projects/colcon_practice1/src/examples/rclcpp/executors/multithreaded_executor -DAMENT_CMAKE_SYMLINK_INSTALL=1 -DCMAKE_INSTALL_PREFIX=/rjd_projects/colcon_practice1/install/examples_rclcpp_multithreaded_executor
[15.663s] Invoking command in '/rjd_projects/colcon_practice1/build/examples_rclcpp_multithreaded_executor': CMAKE_PREFIX_PATH=${CMAKE_PREFIX_PATH}:/opt/ros/jazzy /usr/bin/cmake --build /rjd_projects/colcon_practice1/build/examples_rclcpp_multithreaded_executor -- -j8 -l8
[16.973s] [ 50%] [32mBuilding CXX object CMakeFiles/multithreaded_executor.dir/multithreaded_executor.cpp.o[0m
[45.956s] [100%] [32m[1mLinking CXX executable multithreaded_executor[0m
[48.083s] [100%] Built target multithreaded_executor
[48.122s] Invoked command in '/rjd_projects/colcon_practice1/build/examples_rclcpp_multithreaded_executor' returned '0': CMAKE_PREFIX_PATH=${CMAKE_PREFIX_PATH}:/opt/ros/jazzy /usr/bin/cmake --build /rjd_projects/colcon_practice1/build/examples_rclcpp_multithreaded_executor -- -j8 -l8
[48.206s] Invoking command in '/rjd_projects/colcon_practice1/build/examples_rclcpp_multithreaded_executor': CMAKE_PREFIX_PATH=${CMAKE_PREFIX_PATH}:/opt/ros/jazzy /usr/bin/cmake --install /rjd_projects/colcon_practice1/build/examples_rclcpp_multithreaded_executor
[48.233s] -- Install configuration: ""
[48.237s] -- Execute custom install script
[48.247s] -- Symlinking: /rjd_projects/colcon_practice1/install/examples_rclcpp_multithreaded_executor/lib/examples_rclcpp_multithreaded_executor/multithreaded_executor
[48.281s] -- Symlinking: /rjd_projects/colcon_practice1/install/examples_rclcpp_multithreaded_executor/share/ament_index/resource_index/package_run_dependencies/examples_rclcpp_multithreaded_executor
[48.312s] -- Symlinking: /rjd_projects/colcon_practice1/install/examples_rclcpp_multithreaded_executor/share/ament_index/resource_index/parent_prefix_path/examples_rclcpp_multithreaded_executor
[48.342s] -- Symlinking: /rjd_projects/colcon_practice1/install/examples_rclcpp_multithreaded_executor/share/examples_rclcpp_multithreaded_executor/environment/ament_prefix_path.sh
[48.368s] -- Symlinking: /rjd_projects/colcon_practice1/install/examples_rclcpp_multithreaded_executor/share/examples_rclcpp_multithreaded_executor/environment/ament_prefix_path.dsv
[48.395s] -- Symlinking: /rjd_projects/colcon_practice1/install/examples_rclcpp_multithreaded_executor/share/examples_rclcpp_multithreaded_executor/environment/path.sh
[48.422s] -- Symlinking: /rjd_projects/colcon_practice1/install/examples_rclcpp_multithreaded_executor/share/examples_rclcpp_multithreaded_executor/environment/path.dsv
[48.453s] -- Symlinking: /rjd_projects/colcon_practice1/install/examples_rclcpp_multithreaded_executor/share/examples_rclcpp_multithreaded_executor/local_setup.bash
[48.479s] -- Symlinking: /rjd_projects/colcon_practice1/install/examples_rclcpp_multithreaded_executor/share/examples_rclcpp_multithreaded_executor/local_setup.sh
[48.505s] -- Symlinking: /rjd_projects/colcon_practice1/install/examples_rclcpp_multithreaded_executor/share/examples_rclcpp_multithreaded_executor/local_setup.zsh
[48.532s] -- Symlinking: /rjd_projects/colcon_practice1/install/examples_rclcpp_multithreaded_executor/share/examples_rclcpp_multithreaded_executor/local_setup.dsv
[48.558s] -- Symlinking: /rjd_projects/colcon_practice1/install/examples_rclcpp_multithreaded_executor/share/examples_rclcpp_multithreaded_executor/package.dsv
[48.591s] -- Symlinking: /rjd_projects/colcon_practice1/install/examples_rclcpp_multithreaded_executor/share/ament_index/resource_index/packages/examples_rclcpp_multithreaded_executor
[48.622s] -- Symlinking: /rjd_projects/colcon_practice1/install/examples_rclcpp_multithreaded_executor/share/examples_rclcpp_multithreaded_executor/cmake/examples_rclcpp_multithreaded_executorConfig.cmake
[48.648s] -- Symlinking: /rjd_projects/colcon_practice1/install/examples_rclcpp_multithreaded_executor/share/examples_rclcpp_multithreaded_executor/cmake/examples_rclcpp_multithreaded_executorConfig-version.cmake
[48.677s] -- Symlinking: /rjd_projects/colcon_practice1/install/examples_rclcpp_multithreaded_executor/share/examples_rclcpp_multithreaded_executor/package.xml
[48.712s] Invoked command in '/rjd_projects/colcon_practice1/build/examples_rclcpp_multithreaded_executor' returned '0': CMAKE_PREFIX_PATH=${CMAKE_PREFIX_PATH}:/opt/ros/jazzy /usr/bin/cmake --install /rjd_projects/colcon_practice1/build/examples_rclcpp_multithreaded_executor
