[4.853s] Invoking command in '/rjd_projects/colcon_practice1/build/examples_rclpy_minimal_action_server': PYTHONPATH=/rjd_projects/colcon_practice1/build/examples_rclpy_minimal_action_server/prefix_override:/usr/lib/python3/dist-packages/colcon_core/task/python/colcon_distutils_commands:/rjd_projects/colcon_practice1/install/examples_rclpy_minimal_action_server/lib/python3.12/site-packages:${PYTHONPATH} /usr/bin/python3 -W ignore:setup.py install is deprecated setup.py develop --editable --build-directory /rjd_projects/colcon_practice1/build/examples_rclpy_minimal_action_server/build --no-deps symlink_data
[7.614s] running develop
[7.617s] running egg_info
[7.620s] creating examples_rclpy_minimal_action_server.egg-info
[7.625s] writing examples_rclpy_minimal_action_server.egg-info/PKG-INFO
[7.628s] writing dependency_links to examples_rclpy_minimal_action_server.egg-info/dependency_links.txt
[7.632s] writing entry points to examples_rclpy_minimal_action_server.egg-info/entry_points.txt
[7.634s] writing requirements to examples_rclpy_minimal_action_server.egg-info/requires.txt
[7.638s] writing top-level names to examples_rclpy_minimal_action_server.egg-info/top_level.txt
[7.640s] writing manifest file 'examples_rclpy_minimal_action_server.egg-info/SOURCES.txt'
[7.644s] reading manifest file 'examples_rclpy_minimal_action_server.egg-info/SOURCES.txt'
[7.647s] writing manifest file 'examples_rclpy_minimal_action_server.egg-info/SOURCES.txt'
[7.649s] running build_ext
[7.651s] Creating /rjd_projects/colcon_practice1/install/examples_rclpy_minimal_action_server/lib/python3.12/site-packages/examples-rclpy-minimal-action-server.egg-link (link to .)
[7.653s] Installing server script to /rjd_projects/colcon_practice1/install/examples_rclpy_minimal_action_server/lib/examples_rclpy_minimal_action_server
[7.655s] Installing server_defer script to /rjd_projects/colcon_practice1/install/examples_rclpy_minimal_action_server/lib/examples_rclpy_minimal_action_server
[7.657s] Installing server_not_composable script to /rjd_projects/colcon_practice1/install/examples_rclpy_minimal_action_server/lib/examples_rclpy_minimal_action_server
[7.660s] Installing server_queue_goals script to /rjd_projects/colcon_practice1/install/examples_rclpy_minimal_action_server/lib/examples_rclpy_minimal_action_server
[7.662s] Installing server_single_goal script to /rjd_projects/colcon_practice1/install/examples_rclpy_minimal_action_server/lib/examples_rclpy_minimal_action_server
[7.664s] 
[7.666s] Installed /rjd_projects/colcon_practice1/build/examples_rclpy_minimal_action_server
[7.668s] running symlink_data
[7.671s] creating /rjd_projects/colcon_practice1/install/examples_rclpy_minimal_action_server/share/ament_index
[7.673s] creating /rjd_projects/colcon_practice1/install/examples_rclpy_minimal_action_server/share/ament_index/resource_index
[7.677s] creating /rjd_projects/colcon_practice1/install/examples_rclpy_minimal_action_server/share/ament_index/resource_index/packages
[7.681s] symbolically linking /rjd_projects/colcon_practice1/build/examples_rclpy_minimal_action_server/resource/examples_rclpy_minimal_action_server -> /rjd_projects/colcon_practice1/install/examples_rclpy_minimal_action_server/share/ament_index/resource_index/packages
[7.683s] symbolically linking /rjd_projects/colcon_practice1/build/examples_rclpy_minimal_action_server/package.xml -> /rjd_projects/colcon_practice1/install/examples_rclpy_minimal_action_server/share/examples_rclpy_minimal_action_server
[7.685s] /usr/lib/python3/dist-packages/setuptools/command/develop.py:40: EasyInstallDeprecationWarning: easy_install command is deprecated.
[7.687s] !!
[7.689s] 
[7.691s]         ********************************************************************************
[7.693s]         Please avoid running ``setup.py`` and ``easy_install``.
[7.695s]         Instead, use pypa/build, pypa/installer or other
[7.698s]         standards-based tools.
[7.703s] 
[7.705s]         See https://github.com/pypa/setuptools/issues/917 for details.
[7.707s]         ********************************************************************************
[7.710s] 
[7.712s] !!
[7.716s]   easy_install.initialize_options(self)
[7.722s] Invoked command in '/rjd_projects/colcon_practice1/build/examples_rclpy_minimal_action_server' returned '0': PYTHONPATH=/rjd_projects/colcon_practice1/build/examples_rclpy_minimal_action_server/prefix_override:/usr/lib/python3/dist-packages/colcon_core/task/python/colcon_distutils_commands:/rjd_projects/colcon_practice1/install/examples_rclpy_minimal_action_server/lib/python3.12/site-packages:${PYTHONPATH} /usr/bin/python3 -W ignore:setup.py install is deprecated setup.py develop --editable --build-directory /rjd_projects/colcon_practice1/build/examples_rclpy_minimal_action_server/build --no-deps symlink_data
