[4.055s] Invoking command in '/rjd_projects/colcon_practice1/build/examples_rclpy_minimal_service': PYTHONPATH=/rjd_projects/colcon_practice1/build/examples_rclpy_minimal_service/prefix_override:/usr/lib/python3/dist-packages/colcon_core/task/python/colcon_distutils_commands:/rjd_projects/colcon_practice1/install/examples_rclpy_minimal_service/lib/python3.12/site-packages:${PYTHONPATH} /usr/bin/python3 -W ignore:setup.py install is deprecated setup.py develop --editable --build-directory /rjd_projects/colcon_practice1/build/examples_rclpy_minimal_service/build --no-deps symlink_data
[5.308s] running develop
[5.312s] /usr/lib/python3/dist-packages/setuptools/command/develop.py:40: EasyInstallDeprecationWarning: easy_install command is deprecated.
[5.315s] !!
[5.317s] 
[5.321s]         ********************************************************************************
[5.330s]         Please avoid running ``setup.py`` and ``easy_install``.
[5.332s]         Instead, use pypa/build, pypa/installer or other
[5.336s]         standards-based tools.
[5.339s] 
[5.342s]         See https://github.com/pypa/setuptools/issues/917 for details.
[5.345s]         ********************************************************************************
[5.348s] 
[5.351s] !!
[5.355s]   easy_install.initialize_options(self)
[6.186s] running egg_info
[6.187s] creating examples_rclpy_minimal_service.egg-info
[6.283s] writing examples_rclpy_minimal_service.egg-info/PKG-INFO
[6.298s] writing dependency_links to examples_rclpy_minimal_service.egg-info/dependency_links.txt
[6.302s] writing entry points to examples_rclpy_minimal_service.egg-info/entry_points.txt
[6.306s] writing requirements to examples_rclpy_minimal_service.egg-info/requires.txt
[6.308s] writing top-level names to examples_rclpy_minimal_service.egg-info/top_level.txt
[6.317s] writing manifest file 'examples_rclpy_minimal_service.egg-info/SOURCES.txt'
[6.495s] reading manifest file 'examples_rclpy_minimal_service.egg-info/SOURCES.txt'
[6.517s] writing manifest file 'examples_rclpy_minimal_service.egg-info/SOURCES.txt'
[6.597s] running build_ext
[6.602s] Creating /rjd_projects/colcon_practice1/install/examples_rclpy_minimal_service/lib/python3.12/site-packages/examples-rclpy-minimal-service.egg-link (link to .)
[6.625s] Installing service script to /rjd_projects/colcon_practice1/install/examples_rclpy_minimal_service/lib/examples_rclpy_minimal_service
[6.630s] Installing service_member_function script to /rjd_projects/colcon_practice1/install/examples_rclpy_minimal_service/lib/examples_rclpy_minimal_service
[6.636s] 
[6.648s] Installed /rjd_projects/colcon_practice1/build/examples_rclpy_minimal_service
[6.651s] running symlink_data
[6.657s] creating /rjd_projects/colcon_practice1/install/examples_rclpy_minimal_service/share/ament_index
[6.660s] creating /rjd_projects/colcon_practice1/install/examples_rclpy_minimal_service/share/ament_index/resource_index
[6.667s] creating /rjd_projects/colcon_practice1/install/examples_rclpy_minimal_service/share/ament_index/resource_index/packages
[6.670s] symbolically linking /rjd_projects/colcon_practice1/build/examples_rclpy_minimal_service/resource/examples_rclpy_minimal_service -> /rjd_projects/colcon_practice1/install/examples_rclpy_minimal_service/share/ament_index/resource_index/packages
[6.674s] symbolically linking /rjd_projects/colcon_practice1/build/examples_rclpy_minimal_service/package.xml -> /rjd_projects/colcon_practice1/install/examples_rclpy_minimal_service/share/examples_rclpy_minimal_service
[6.917s] Invoked command in '/rjd_projects/colcon_practice1/build/examples_rclpy_minimal_service' returned '0': PYTHONPATH=/rjd_projects/colcon_practice1/build/examples_rclpy_minimal_service/prefix_override:/usr/lib/python3/dist-packages/colcon_core/task/python/colcon_distutils_commands:/rjd_projects/colcon_practice1/install/examples_rclpy_minimal_service/lib/python3.12/site-packages:${PYTHONPATH} /usr/bin/python3 -W ignore:setup.py install is deprecated setup.py develop --editable --build-directory /rjd_projects/colcon_practice1/build/examples_rclpy_minimal_service/build --no-deps symlink_data
