running develop
running egg_info
creating examples_rclpy_minimal_client.egg-info
writing examples_rclpy_minimal_client.egg-info/PKG-INFO
writing dependency_links to examples_rclpy_minimal_client.egg-info/dependency_links.txt
writing entry points to examples_rclpy_minimal_client.egg-info/entry_points.txt
writing requirements to examples_rclpy_minimal_client.egg-info/requires.txt
writing top-level names to examples_rclpy_minimal_client.egg-info/top_level.txt
writing manifest file 'examples_rclpy_minimal_client.egg-info/SOURCES.txt'
reading manifest file 'examples_rclpy_minimal_client.egg-info/SOURCES.txt'
writing manifest file 'examples_rclpy_minimal_client.egg-info/SOURCES.txt'
running build_ext
Creating /rjd_projects/colcon_practice1/install/examples_rclpy_minimal_client/lib/python3.12/site-packages/examples-rclpy-minimal-client.egg-link (link to .)
Installing client script to /rjd_projects/colcon_practice1/install/examples_rclpy_minimal_client/lib/examples_rclpy_minimal_client
Installing client_async script to /rjd_projects/colcon_practice1/install/examples_rclpy_minimal_client/lib/examples_rclpy_minimal_client
Installing client_async_callback script to /rjd_projects/colcon_practice1/install/examples_rclpy_minimal_client/lib/examples_rclpy_minimal_client
Installing client_async_member_function script to /rjd_projects/colcon_practice1/install/examples_rclpy_minimal_client/lib/examples_rclpy_minimal_client

Installed /rjd_projects/colcon_practice1/build/examples_rclpy_minimal_client
running symlink_data
creating /rjd_projects/colcon_practice1/install/examples_rclpy_minimal_client/share/ament_index
creating /rjd_projects/colcon_practice1/install/examples_rclpy_minimal_client/share/ament_index/resource_index
creating /rjd_projects/colcon_practice1/install/examples_rclpy_minimal_client/share/ament_index/resource_index/packages
symbolically linking /rjd_projects/colcon_practice1/build/examples_rclpy_minimal_client/resource/examples_rclpy_minimal_client -> /rjd_projects/colcon_practice1/install/examples_rclpy_minimal_client/share/ament_index/resource_index/packages
symbolically linking /rjd_projects/colcon_practice1/build/examples_rclpy_minimal_client/package.xml -> /rjd_projects/colcon_practice1/install/examples_rclpy_minimal_client/share/examples_rclpy_minimal_client
